
PLAY [install and provisioning dockers PKC Server on Localhost] ****************

TASK [Gathering Facts] *********************************************************
ok: [localhost]

TASK [Check docker installation on localhost machine] **************************
changed: [localhost]

TASK [Docker output result] ****************************************************
ok: [localhost] => {
    "docker_output": {
        "changed": true,
        "cmd": [
            "ls",
            "-all"
        ],
        "delta": "0:00:00.007731",
        "end": "2022-03-03 19:13:17.567834",
        "failed": false,
        "msg": "",
        "rc": 0,
        "start": "2022-03-03 19:13:17.560103",
        "stderr": "",
        "stderr_lines": [],
        "stdout": "total 501856\ndrwxr-xr-x  54 muhammadhaviz  staff       1728 Mar  3 19:13 .\ndrwxr-xr-x   5 muhammadhaviz  staff        160 Feb 19 16:02 ..\n-rw-r--r--@  1 muhammadhaviz  staff       6148 Mar  3 13:42 .DS_Store\n-rw-r--r--   1 muhammadhaviz  staff        810 Mar  2 13:20 .env\ndrwxr-xr-x  16 muhammadhaviz  staff        512 Mar  3 19:04 .git\n-rw-r-----   1 muhammadhaviz  staff        112 Feb 19 16:06 .gitattributes\n-rw-r--r--   1 muhammadhaviz  staff        226 Feb 19 16:07 .gitignore\ndrwxr-xr-x   4 muhammadhaviz  staff        128 Feb 13 19:59 AdvancedTooling\n-rw-r--r--   1 muhammadhaviz  staff       7048 Feb 13 19:59 LICENSE\n-rw-r--r--   1 muhammadhaviz  staff        313 Feb 13 19:59 Makefile\n-rw-r--r--   1 muhammadhaviz  staff       1638 Dec  7 16:58 README.md\n-rw-r--r--   1 muhammadhaviz  staff        262 Mar  3 19:13 ans-out.log\ndrwxr-xr-x  15 muhammadhaviz  staff        480 Mar  2 13:29 backup\n-rwxr-xr-x   1 muhammadhaviz  staff        912 Nov 20 15:45 commit.sh\ndrwxr-xr-x  15 muhammadhaviz  staff        480 Mar  2 14:00 config\ndrwxr-xr-x  22 muhammadhaviz  staff        704 Mar  1 22:41 config-template\n-rw-r--r--@  1 muhammadhaviz  staff       7742 Feb 24 11:53 cs-backup-scp.yml\n-rw-r--r--@  1 muhammadhaviz  staff       1253 Jan 23 20:58 cs-backup.yml\n-rwxr-xr-x   1 muhammadhaviz  staff       1174 Mar  2 00:33 cs-certbot.sh\n-rw-r--r--   1 muhammadhaviz  staff       2478 Mar  2 03:31 cs-certbot.yml\n-rw-r--r--@  1 muhammadhaviz  staff       1682 Mar  2 13:00 cs-clean.yml\n-rw-r--r--   1 muhammadhaviz  staff       1501 Jan 20 19:17 cs-install-ans.yml\n-rw-r--r--@  1 muhammadhaviz  staff       1130 Feb 25 00:21 cs-local-restore.yml\n-rw-r--r--@  1 muhammadhaviz  staff        783 Feb 24 23:56 cs-offsite-restore.yml\n-rw-r--r--   1 muhammadhaviz  staff        133 Jan 12 01:15 cs-remote-host\n-rw-r--r--@  1 muhammadhaviz  staff       2176 Feb 25 21:09 cs-restore-remote.yml\n-rw-r--r--   1 muhammadhaviz  staff       1296 Feb 24 23:56 cs-restore.yml\n-rw-r--r--@  1 muhammadhaviz  staff        200 Jan 19 20:12 cs-stop-docker.yml\n-rw-r--r--@  1 muhammadhaviz  staff       1540 Dec 14 02:29 cs-svc.yml\n-rw-r--r--   1 muhammadhaviz  staff       3722 Mar  2 03:30 cs-test.yml\n-rw-r--r--   1 muhammadhaviz  staff       5206 Mar  3 18:59 cs-up-backup.yml\n-rw-r--r--   1 muhammadhaviz  staff       1090 Mar  3 19:12 cs-up-local.yml\n-rw-r--r--   1 muhammadhaviz  staff       9034 Mar  2 13:12 cs-up.yml\n-rw-r--r--   1 muhammadhaviz  staff        480 Feb 27 21:25 cs-update-docker-compose.yml\n-rw-r--r--@  1 muhammadhaviz  staff        307 Jan 19 20:43 cs-update-sw.yml\n-rwxr--r--@  1 muhammadhaviz  staff       1460 Mar  2 14:00 docker-compose.yml\ndrwxr-xr-x   4 muhammadhaviz  staff        128 Feb 28 17:55 downloaded\n-rw-r--r--   1 muhammadhaviz  staff        127 Mar  2 03:10 hosts\n-rw-r--r--   1 muhammadhaviz  staff        373 Feb 26 02:16 hosts-all\n-rw-r--r--   1 muhammadhaviz  staff        249 Feb 25 18:38 hosts-restore\n-rwxr-xr-x@  1 muhammadhaviz  staff        507 Jan 20 19:29 install-mirorring.sh\n-rw-r--r--@  1 muhammadhaviz  staff        408 Jan 20 19:27 mirror.config\ndrwxr-xr-x  11 muhammadhaviz  staff        352 Feb 18 13:32 mountpoint\n-rw-r--r--   1 muhammadhaviz  staff  110111213 Dec  6 00:44 mountpoint-mac.tar.gz\n-rw-r--r--   1 muhammadhaviz  staff  146295405 Feb 18 14:52 mountpoint.tar.gz\ndrwxr-xr-x   2 muhammadhaviz  staff         64 Mar  2 13:29 mysql-init\ndrwxr-xr-x   4 muhammadhaviz  staff        128 Feb 28 17:57 resources\ndrwxr-xr-x   4 muhammadhaviz  staff        128 Feb 23 21:50 roles\ndrwxr-xr-x  11 muhammadhaviz  staff        352 Feb 27 21:15 script\n-rw-r--r--   1 muhammadhaviz  staff        718 Nov 20 15:45 up-2.bat\n-rwxr-xr-x   1 muhammadhaviz  staff       4875 Dec  7 16:29 up-ans.sh\n-rwxr-xr-x   1 muhammadhaviz  staff       5861 Dec  7 16:12 up-mac.sh\n-rw-r--r--   1 muhammadhaviz  staff        665 Nov 20 15:45 up.bat\n-rwxr-xr-x   1 muhammadhaviz  staff       9159 Mar  2 14:00 up.sh",
        "stdout_lines": [
            "total 501856",
            "drwxr-xr-x  54 muhammadhaviz  staff       1728 Mar  3 19:13 .",
            "drwxr-xr-x   5 muhammadhaviz  staff        160 Feb 19 16:02 ..",
            "-rw-r--r--@  1 muhammadhaviz  staff       6148 Mar  3 13:42 .DS_Store",
            "-rw-r--r--   1 muhammadhaviz  staff        810 Mar  2 13:20 .env",
            "drwxr-xr-x  16 muhammadhaviz  staff        512 Mar  3 19:04 .git",
            "-rw-r-----   1 muhammadhaviz  staff        112 Feb 19 16:06 .gitattributes",
            "-rw-r--r--   1 muhammadhaviz  staff        226 Feb 19 16:07 .gitignore",
            "drwxr-xr-x   4 muhammadhaviz  staff        128 Feb 13 19:59 AdvancedTooling",
            "-rw-r--r--   1 muhammadhaviz  staff       7048 Feb 13 19:59 LICENSE",
            "-rw-r--r--   1 muhammadhaviz  staff        313 Feb 13 19:59 Makefile",
            "-rw-r--r--   1 muhammadhaviz  staff       1638 Dec  7 16:58 README.md",
            "-rw-r--r--   1 muhammadhaviz  staff        262 Mar  3 19:13 ans-out.log",
            "drwxr-xr-x  15 muhammadhaviz  staff        480 Mar  2 13:29 backup",
            "-rwxr-xr-x   1 muhammadhaviz  staff        912 Nov 20 15:45 commit.sh",
            "drwxr-xr-x  15 muhammadhaviz  staff        480 Mar  2 14:00 config",
            "drwxr-xr-x  22 muhammadhaviz  staff        704 Mar  1 22:41 config-template",
            "-rw-r--r--@  1 muhammadhaviz  staff       7742 Feb 24 11:53 cs-backup-scp.yml",
            "-rw-r--r--@  1 muhammadhaviz  staff       1253 Jan 23 20:58 cs-backup.yml",
            "-rwxr-xr-x   1 muhammadhaviz  staff       1174 Mar  2 00:33 cs-certbot.sh",
            "-rw-r--r--   1 muhammadhaviz  staff       2478 Mar  2 03:31 cs-certbot.yml",
            "-rw-r--r--@  1 muhammadhaviz  staff       1682 Mar  2 13:00 cs-clean.yml",
            "-rw-r--r--   1 muhammadhaviz  staff       1501 Jan 20 19:17 cs-install-ans.yml",
            "-rw-r--r--@  1 muhammadhaviz  staff       1130 Feb 25 00:21 cs-local-restore.yml",
            "-rw-r--r--@  1 muhammadhaviz  staff        783 Feb 24 23:56 cs-offsite-restore.yml",
            "-rw-r--r--   1 muhammadhaviz  staff        133 Jan 12 01:15 cs-remote-host",
            "-rw-r--r--@  1 muhammadhaviz  staff       2176 Feb 25 21:09 cs-restore-remote.yml",
            "-rw-r--r--   1 muhammadhaviz  staff       1296 Feb 24 23:56 cs-restore.yml",
            "-rw-r--r--@  1 muhammadhaviz  staff        200 Jan 19 20:12 cs-stop-docker.yml",
            "-rw-r--r--@  1 muhammadhaviz  staff       1540 Dec 14 02:29 cs-svc.yml",
            "-rw-r--r--   1 muhammadhaviz  staff       3722 Mar  2 03:30 cs-test.yml",
            "-rw-r--r--   1 muhammadhaviz  staff       5206 Mar  3 18:59 cs-up-backup.yml",
            "-rw-r--r--   1 muhammadhaviz  staff       1090 Mar  3 19:12 cs-up-local.yml",
            "-rw-r--r--   1 muhammadhaviz  staff       9034 Mar  2 13:12 cs-up.yml",
            "-rw-r--r--   1 muhammadhaviz  staff        480 Feb 27 21:25 cs-update-docker-compose.yml",
            "-rw-r--r--@  1 muhammadhaviz  staff        307 Jan 19 20:43 cs-update-sw.yml",
            "-rwxr--r--@  1 muhammadhaviz  staff       1460 Mar  2 14:00 docker-compose.yml",
            "drwxr-xr-x   4 muhammadhaviz  staff        128 Feb 28 17:55 downloaded",
            "-rw-r--r--   1 muhammadhaviz  staff        127 Mar  2 03:10 hosts",
            "-rw-r--r--   1 muhammadhaviz  staff        373 Feb 26 02:16 hosts-all",
            "-rw-r--r--   1 muhammadhaviz  staff        249 Feb 25 18:38 hosts-restore",
            "-rwxr-xr-x@  1 muhammadhaviz  staff        507 Jan 20 19:29 install-mirorring.sh",
            "-rw-r--r--@  1 muhammadhaviz  staff        408 Jan 20 19:27 mirror.config",
            "drwxr-xr-x  11 muhammadhaviz  staff        352 Feb 18 13:32 mountpoint",
            "-rw-r--r--   1 muhammadhaviz  staff  110111213 Dec  6 00:44 mountpoint-mac.tar.gz",
            "-rw-r--r--   1 muhammadhaviz  staff  146295405 Feb 18 14:52 mountpoint.tar.gz",
            "drwxr-xr-x   2 muhammadhaviz  staff         64 Mar  2 13:29 mysql-init",
            "drwxr-xr-x   4 muhammadhaviz  staff        128 Feb 28 17:57 resources",
            "drwxr-xr-x   4 muhammadhaviz  staff        128 Feb 23 21:50 roles",
            "drwxr-xr-x  11 muhammadhaviz  staff        352 Feb 27 21:15 script",
            "-rw-r--r--   1 muhammadhaviz  staff        718 Nov 20 15:45 up-2.bat",
            "-rwxr-xr-x   1 muhammadhaviz  staff       4875 Dec  7 16:29 up-ans.sh",
            "-rwxr-xr-x   1 muhammadhaviz  staff       5861 Dec  7 16:12 up-mac.sh",
            "-rw-r--r--   1 muhammadhaviz  staff        665 Nov 20 15:45 up.bat",
            "-rwxr-xr-x   1 muhammadhaviz  staff       9159 Mar  2 14:00 up.sh"
        ]
    }
}

TASK [Docker output result] ****************************************************
ok: [localhost] => {
    "ansible_facts": {
        "XHC0": {
            "device": "XHC0",
            "flags": [],
            "ipv4": [],
            "ipv6": [],
            "macaddress": "unknown",
            "mtu": "0",
            "type": "unknown"
        },
        "XHC1": {
            "device": "XHC1",
            "flags": [],
            "ipv4": [],
            "ipv6": [],
            "macaddress": "unknown",
            "mtu": "0",
            "type": "unknown"
        },
        "XHC20": {
            "device": "XHC20",
            "flags": [],
            "ipv4": [],
            "ipv6": [],
            "macaddress": "unknown",
            "mtu": "0",
            "type": "unknown"
        },
        "all_ipv4_addresses": [
            "192.168.100.11",
            "192.168.255.9"
        ],
        "all_ipv6_addresses": [
            "fe80::94:e627:5c55:a237%en0",
            "fe80::b8c9:51ff:fe05:7457%awdl0",
            "fe80::80c2:d7af:83ae:92ad%utun0",
            "fe80::b4ef:f0a2:4fca:aec4%utun1",
            "fe80::99cb:89e0:d2bf:ced4%utun2",
            "fe80::aede:48ff:fe00:1122%en5"
        ],
        "ansible_local": {},
        "apparmor": {
            "status": "disabled"
        },
        "architecture": "x86_64",
        "awdl0": {
            "device": "awdl0",
            "flags": [
                "UP",
                "BROADCAST",
                "RUNNING",
                "PROMISC",
                "SIMPLEX",
                "MULTICAST"
            ],
            "ipv4": [],
            "ipv6": [
                {
                    "address": "fe80::b8c9:51ff:fe05:7457%awdl0",
                    "prefix": "64",
                    "scope": "0xe"
                }
            ],
            "macaddress": "ba:c9:51:05:74:57",
            "media": "Unknown",
            "media_select": "autoselect",
            "mtu": "1484",
            "options": [
                "PERFORMNUD",
                "DAD"
            ],
            "status": "active",
            "type": "ether"
        },
        "bridge0": {
            "device": "bridge0",
            "flags": [
                "UP",
                "BROADCAST",
                "SMART",
                "RUNNING",
                "SIMPLEX",
                "MULTICAST"
            ],
            "ipv4": [],
            "ipv6": [],
            "macaddress": "8a:00:8d:12:10:01",
            "media": "Unknown",
            "media_select": "Unknown",
            "media_type": "unknown type",
            "mtu": "1500",
            "options": [
                "PERFORMNUD",
                "DAD"
            ],
            "status": "inactive",
            "type": "ether"
        },
        "date_time": {
            "date": "2022-03-03",
            "day": "03",
            "epoch": "1646309597",
            "hour": "19",
            "iso8601": "2022-03-03T12:13:17Z",
            "iso8601_basic": "20220303T191317176933",
            "iso8601_basic_short": "20220303T191317",
            "iso8601_micro": "2022-03-03T12:13:17.176933Z",
            "minute": "13",
            "month": "03",
            "second": "17",
            "time": "19:13:17",
            "tz": "WIB",
            "tz_dst": "WIB",
            "tz_offset": "+0700",
            "weekday": "Thursday",
            "weekday_number": "4",
            "weeknumber": "09",
            "year": "2022"
        },
        "default_ipv4": {
            "address": "192.168.100.11",
            "broadcast": "192.168.100.255",
            "device": "en0",
            "flags": [
                "UP",
                "BROADCAST",
                "SMART",
                "RUNNING",
                "SIMPLEX",
                "MULTICAST"
            ],
            "gateway": "192.168.100.1",
            "interface": "en0",
            "macaddress": "88:e9:fe:57:8d:a8",
            "media": "Unknown",
            "media_select": "autoselect",
            "mtu": "1500",
            "netmask": "255.255.255.0",
            "network": "192.168.100.0",
            "options": [
                "PERFORMNUD",
                "DAD"
            ],
            "status": "active",
            "type": "ether"
        },
        "default_ipv6": {},
        "distribution": "MacOSX",
        "distribution_major_version": "10",
        "distribution_release": "18.7.0",
        "distribution_version": "10.14.6",
        "dns": {
            "nameservers": [
                "192.168.100.1"
            ]
        },
        "domain": "local",
        "effective_group_id": 20,
        "effective_user_id": 501,
        "en0": {
            "device": "en0",
            "flags": [
                "UP",
                "BROADCAST",
                "SMART",
                "RUNNING",
                "SIMPLEX",
                "MULTICAST"
            ],
            "ipv4": [
                {
                    "address": "192.168.100.11",
                    "broadcast": "192.168.100.255",
                    "netmask": "255.255.255.0",
                    "network": "192.168.100.0"
                }
            ],
            "ipv6": [
                {
                    "address": "fe80::94:e627:5c55:a237%en0",
                    "prefix": "64"
                }
            ],
            "macaddress": "88:e9:fe:57:8d:a8",
            "media": "Unknown",
            "media_select": "autoselect",
            "mtu": "1500",
            "options": [
                "PERFORMNUD",
                "DAD"
            ],
            "status": "active",
            "type": "ether"
        },
        "en1": {
            "device": "en1",
            "flags": [
                "UP",
                "BROADCAST",
                "SMART",
                "RUNNING",
                "PROMISC",
                "SIMPLEX",
                "MULTICAST"
            ],
            "ipv4": [],
            "ipv6": [],
            "macaddress": "8a:00:8d:12:10:01",
            "media": "Unknown",
            "media_select": "autoselect",
            "media_type": "full-duplex",
            "mtu": "1500",
            "options": [
                "TSO4",
                "TSO6"
            ],
            "status": "inactive",
            "type": "ether"
        },
        "en2": {
            "device": "en2",
            "flags": [
                "UP",
                "BROADCAST",
                "SMART",
                "RUNNING",
                "PROMISC",
                "SIMPLEX",
                "MULTICAST"
            ],
            "ipv4": [],
            "ipv6": [],
            "macaddress": "8a:00:8d:12:10:00",
            "media": "Unknown",
            "media_select": "autoselect",
            "media_type": "full-duplex",
            "mtu": "1500",
            "options": [
                "TSO4",
                "TSO6"
            ],
            "status": "inactive",
            "type": "ether"
        },
        "en3": {
            "device": "en3",
            "flags": [
                "UP",
                "BROADCAST",
                "SMART",
                "RUNNING",
                "PROMISC",
                "SIMPLEX",
                "MULTICAST"
            ],
            "ipv4": [],
            "ipv6": [],
            "macaddress": "8a:00:8d:12:10:05",
            "media": "Unknown",
            "media_select": "autoselect",
            "media_type": "full-duplex",
            "mtu": "1500",
            "options": [
                "TSO4",
                "TSO6"
            ],
            "status": "inactive",
            "type": "ether"
        },
        "en4": {
            "device": "en4",
            "flags": [
                "UP",
                "BROADCAST",
                "SMART",
                "RUNNING",
                "PROMISC",
                "SIMPLEX",
                "MULTICAST"
            ],
            "ipv4": [],
            "ipv6": [],
            "macaddress": "8a:00:8d:12:10:04",
            "media": "Unknown",
            "media_select": "autoselect",
            "media_type": "full-duplex",
            "mtu": "1500",
            "options": [
                "TSO4",
                "TSO6"
            ],
            "status": "inactive",
            "type": "ether"
        },
        "en5": {
            "device": "en5",
            "flags": [
                "UP",
                "BROADCAST",
                "SMART",
                "RUNNING",
                "SIMPLEX",
                "MULTICAST"
            ],
            "ipv4": [],
            "ipv6": [
                {
                    "address": "fe80::aede:48ff:fe00:1122%en5",
                    "prefix": "64",
                    "scope": "0x7"
                }
            ],
            "macaddress": "ac:de:48:00:11:22",
            "media": "Unknown",
            "media_select": "autoselect",
            "mtu": "1500",
            "options": [
                "PERFORMNUD",
                "DAD"
            ],
            "status": "active",
            "type": "ether"
        },
        "env": {
            "Apple_PubSub_Socket_Render": "/private/tmp/com.apple.launchd.BsjLDPC1bL/Render",
            "COLORFGBG": "15;0",
            "COLORTERM": "truecolor",
            "CONDA_DEFAULT_ENV": "base",
            "CONDA_EXE": "/Users/muhammadhaviz/anaconda3/bin/conda",
            "CONDA_PREFIX": "/Users/muhammadhaviz/anaconda3",
            "CONDA_PROMPT_MODIFIER": "(base) ",
            "CONDA_PYTHON_EXE": "/Users/muhammadhaviz/anaconda3/bin/python",
            "CONDA_SHLVL": "1",
            "DISPLAY": "/private/tmp/com.apple.launchd.nQo95Ose9C/org.macosforge.xquartz:0",
            "HOME": "/Users/muhammadhaviz",
            "ITERM_PROFILE": "Default",
            "ITERM_SESSION_ID": "w0t0p0:F49DD7BA-31FB-4836-8400-A78D334EED6A",
            "LANG": "en_US.UTF-8",
            "LC_ALL": "en_US.UTF-8",
            "LC_CTYPE": "UTF-8",
            "LC_TERMINAL": "iTerm2",
            "LC_TERMINAL_VERSION": "3.4.15",
            "LESS": "-R",
            "LOGNAME": "muhammadhaviz",
            "LSCOLORS": "Gxfxcxdxbxegedabagacad",
            "P9K_SSH": "0",
            "P9K_TTY": "old",
            "PAGER": "less",
            "PATH": "/Users/muhammadhaviz/ansible/bin:/Users/muhammadhaviz/anaconda3/bin:/Users/muhammadhaviz/anaconda3/condabin:/usr/local/bin:/usr/bin:/bin:/usr/sbin:/sbin:/opt/X11/bin:/Applications/Wireshark.app/Contents/MacOS",
            "PWD": "/Users/muhammadhaviz/ansible/pkc-project-root/PKC",
            "SHELL": "/bin/zsh",
            "SHLVL": "3",
            "SSH_AUTH_SOCK": "/private/tmp/com.apple.launchd.cFzQtJTjOa/Listeners",
            "TERM": "xterm-256color",
            "TERM_PROGRAM": "iTerm.app",
            "TERM_PROGRAM_VERSION": "3.4.15",
            "TERM_SESSION_ID": "w0t0p0:F49DD7BA-31FB-4836-8400-A78D334EED6A",
            "TMPDIR": "/var/folders/5n/zqw7ykv146762qcz19b8mc9c0000gn/T/",
            "USER": "muhammadhaviz",
            "VIRTUAL_ENV": "/Users/muhammadhaviz/ansible",
            "XPC_FLAGS": "0x0",
            "XPC_SERVICE_NAME": "0",
            "ZSH": "/Users/muhammadhaviz/.oh-my-zsh",
            "_": "/Users/muhammadhaviz/ansible/bin/python",
            "_CE_CONDA": "",
            "_CE_M": "",
            "__CF_USER_TEXT_ENCODING": "0x0:0:0"
        },
        "fibre_channel_wwn": [],
        "fips": false,
        "fqdn": "emhavis-MBP-4.local",
        "gather_subset": [
            "all"
        ],
        "gif0": {
            "device": "gif0",
            "flags": [
                "POINTOPOINT",
                "MULTICAST"
            ],
            "ipv4": [],
            "ipv6": [],
            "macaddress": "unknown",
            "mtu": "1280",
            "type": "unknown"
        },
        "gpd0": {
            "device": "gpd0",
            "flags": [
                "BROADCAST",
                "SMART",
                "RUNNING",
                "SIMPLEX",
                "MULTICAST"
            ],
            "ipv4": [
                {
                    "address": "192.168.255.9",
                    "broadcast": "192.168.255.9",
                    "netmask": "255.255.255.255",
                    "network": "192.168.255.9"
                }
            ],
            "ipv6": [],
            "macaddress": "02:50:41:00:01:01",
            "mtu": "1400",
            "type": "ether"
        },
        "hostname": "emhavis-MBP-4",
        "hostnqn": "",
        "interfaces": [
            "XHC0",
            "XHC1",
            "XHC20",
            "awdl0",
            "bridge0",
            "en0",
            "en1",
            "en2",
            "en3",
            "en4",
            "en5",
            "gif0",
            "gpd0",
            "lo0",
            "p2p0",
            "stf0",
            "utun0",
            "utun1",
            "utun2"
        ],
        "is_chroot": false,
        "iscsi_iqn": "",
        "kernel": "18.7.0",
        "kernel_version": "Darwin Kernel Version 18.7.0: Mon Mar  8 22:11:48 PST 2021; root:xnu-4903.278.65~1/RELEASE_X86_64",
        "lo0": {
            "device": "lo0",
            "flags": [
                "UP",
                "LOOPBACK",
                "RUNNING",
                "MULTICAST"
            ],
            "ipv4": [
                {
                    "address": "127.0.0.1",
                    "broadcast": "127.255.255.255",
                    "netmask": "255.0.0.0",
                    "network": "127.0.0.0"
                }
            ],
            "ipv6": [
                {
                    "address": "::1",
                    "prefix": "128"
                },
                {
                    "address": "fe80::1%lo0",
                    "prefix": "64",
                    "scope": "0x1"
                }
            ],
            "macaddress": "unknown",
            "mtu": "16384",
            "options": [
                "PERFORMNUD",
                "DAD"
            ],
            "type": "loopback"
        },
        "lsb": {},
        "machine": "x86_64",
        "memfree_mb": 2177,
        "memtotal_mb": 8192,
        "model": "MacBookPro14,2",
        "module_setup": true,
        "nodename": "emhavis-MBP-4.local",
        "os_family": "Darwin",
        "osrevision": "199506",
        "osversion": "18G9028",
        "p2p0": {
            "device": "p2p0",
            "flags": [
                "UP",
                "BROADCAST",
                "RUNNING",
                "SIMPLEX",
                "MULTICAST"
            ],
            "ipv4": [],
            "ipv6": [],
            "macaddress": "0a:e9:fe:57:8d:a8",
            "media": "Unknown",
            "media_select": "autoselect",
            "mtu": "2304",
            "status": "inactive",
            "type": "ether"
        },
        "pkg_mgr": "homebrew",
        "processor": "Intel(R) Core(TM) i5-7267U CPU @ 3.10GHz",
        "processor_cores": "2",
        "processor_vcpus": "4",
        "product_name": "MacBookPro14,2",
        "python": {
            "executable": "/Users/muhammadhaviz/ansible/bin/python",
            "has_sslcontext": true,
            "type": "cpython",
            "version": {
                "major": 3,
                "micro": 5,
                "minor": 8,
                "releaselevel": "final",
                "serial": 0
            },
            "version_info": [
                3,
                8,
                5,
                "final",
                0
            ]
        },
        "python_version": "3.8.5",
        "real_group_id": 20,
        "real_user_id": 501,
        "selinux": {
            "status": "Missing selinux Python library"
        },
        "selinux_python_present": false,
        "service_mgr": "launchd",
        "stf0": {
            "device": "stf0",
            "flags": [],
            "ipv4": [],
            "ipv6": [],
            "macaddress": "unknown",
            "mtu": "1280",
            "type": "unknown"
        },
        "system": "Darwin",
        "user_dir": "/Users/muhammadhaviz",
        "user_gecos": "Muhammad Haviz",
        "user_gid": 20,
        "user_id": "muhammadhaviz",
        "user_shell": "/bin/zsh",
        "user_uid": 501,
        "userspace_architecture": "x86_64",
        "userspace_bits": "64",
        "utun0": {
            "device": "utun0",
            "flags": [
                "UP",
                "POINTOPOINT",
                "RUNNING",
                "MULTICAST"
            ],
            "ipv4": [],
            "ipv6": [
                {
                    "address": "fe80::80c2:d7af:83ae:92ad%utun0",
                    "prefix": "64",
                    "scope": "0x10"
                }
            ],
            "macaddress": "unknown",
            "mtu": "2000",
            "options": [
                "PERFORMNUD",
                "DAD"
            ],
            "type": "unknown"
        },
        "utun1": {
            "device": "utun1",
            "flags": [
                "UP",
                "POINTOPOINT",
                "RUNNING",
                "MULTICAST"
            ],
            "ipv4": [],
            "ipv6": [
                {
                    "address": "fe80::b4ef:f0a2:4fca:aec4%utun1",
                    "prefix": "64",
                    "scope": "0x11"
                }
            ],
            "macaddress": "unknown",
            "mtu": "1380",
            "options": [
                "PERFORMNUD",
                "DAD"
            ],
            "type": "unknown"
        },
        "utun2": {
            "device": "utun2",
            "flags": [
                "UP",
                "POINTOPOINT",
                "RUNNING",
                "MULTICAST"
            ],
            "ipv4": [],
            "ipv6": [
                {
                    "address": "fe80::99cb:89e0:d2bf:ced4%utun2",
                    "prefix": "64",
                    "scope": "0x13"
                }
            ],
            "macaddress": "unknown",
            "mtu": "1380",
            "options": [
                "PERFORMNUD",
                "DAD"
            ],
            "type": "unknown"
        },
        "virtualization_role": "",
        "virtualization_tech_guest": [],
        "virtualization_tech_host": [],
        "virtualization_type": ""
    }
}

PLAY RECAP *********************************************************************
localhost                  : ok=4    changed=1    unreachable=0    failed=0    skipped=0    rescued=0    ignored=0   

