[H[2J[3Jdatabase backup file found in mountpoint/backup_restore/mariadb/pkc-pub-my_wiki-20220327T092242.sql.gz
image backup file found in mountpoint/backup_restore/mediawiki/pkc-pub-20220327T092242-image.tar.gz
Previewing docker command: gunzip < /mnt/backup_restore/mariadb/pkc-pub-my_wiki-20220327T092242.sql.gz | mysql -u root -h database -psecret; exit 0
ERROR 1046 (3D000) at line 22: No database selected
Database Backup successfully executed ....
Previewing docker command: mkdir /mnt/backup_restore/mediawiki/pkc-pub-20220327T092242-image
Previewing docker command: tar -zxf /mnt/backup_restore/mediawiki/pkc-pub-20220327T092242-image.tar.gz --directory /mnt/backup_restore/mediawiki/pkc-pub-20220327T092242-image
Previewing docker command: php /var/www/html/maintenance/importImages.php /mnt/backup_restore/mediawiki/pkc-pub-20220327T092242-image
Importing Files

Screen_Shot_2022-02-01_at_10.04.46.png exists, skipping
Deformation.png exists, skipping
Screen_Shot_2022-02-19_at_05.38.22.png exists, skipping
Screen_Shot_2022-02-11_at_17.53.17.png exists, skipping
Screen_Shot_2022-02-11_at_05.57.10.png exists, skipping
Screen_Shot_2022-02-01_at_04.23.34.png exists, skipping
Screen_Shot_2022-02-11_at_05.51.31.png exists, skipping
Screen_Shot_2022-02-01_at_10.02.36.png exists, skipping
Screen_Shot_2022-02-11_at_15.22.02.png exists, skipping
Screen_Shot_2022-02-23_at_20.08.59.png exists, skipping
Screen_Shot_2022-02-01_at_04.03.46.png exists, skipping
æ–‡çŒ®æ—¶é—´å›¾åƒ.png exists, skipping
Screen_Shot_2022-02-14_at_14.32.12.png exists, skipping
HermeneuticalCircle.png exists, skipping
Screen_Shot_2022-02-25_at_05.07.18.png exists, skipping
Suphachai.jpg exists, skipping
Screen_Shot_2022-02-14_at_11.21.57.png exists, skipping
Screen_Shot_2022-02-14_at_14.31.46.png exists, skipping
Xlp.png exists, skipping
PP_T_Rex_Beach_Nusa_Penida.jpg exists, skipping
Screen_Shot_2022-02-23_at_10.17.11.png exists, skipping
Screen_Shot_2022-02-01_at_11.02.25.png exists, skipping
Screen_Shot_2022-02-01_at_11.04.43.png exists, skipping
Screen_Shot_2022-02-15_at_15.50.56.png exists, skipping
Screen_Shot_2022-02-11_at_05.56.35.png exists, skipping
é—ä¼ å› å­.png exists, skipping
K.svg exists, skipping
Screen_Shot_2022-02-15_at_05.19.11.png exists, skipping
Screen_Shot_2022-02-01_at_10.04.51.png exists, skipping
Humanism.jpg exists, skipping
Screen_Shot_2022-02-13_at_01.44.25.png exists, skipping
Screen_Shot_2022-02-25_at_03.46.23.png exists, skipping
Screen_Shot_2022-02-15_at_14.28.33.png exists, skipping
Screen_Shot_2022-02-01_at_11.00.02.png exists, skipping
Screen_Shot_2022-02-01_at_10.03.38.png exists, skipping
1.5.png exists, skipping
Screen_Shot_2022-02-11_at_15.23.01.png exists, skipping
Digikube_logo.PNG exists, skipping
Figure_2_2_Registration_and_Authentication.png exists, skipping
Screen_Shot_2022-02-16_at_19.45.38.png exists, skipping
Screen_Shot_2022-02-11_at_17.53.55.png exists, skipping
The_Structure_of_Scientific_Revolutions.pdf exists, skipping
Screen_Shot_2022-02-01_at_10.25.45.png exists, skipping
V_curve.png exists, skipping
Screen_Shot_2022-02-01_at_10.56.36.png exists, skipping
Screen_Shot_2022-02-18_at_03.42.57.png exists, skipping
Screen_Shot_2022-02-14_at_14.31.54.png exists, skipping
Screen_Shot_2022-02-01_at_10.28.09.png exists, skipping
Screen_Shot_2022-02-01_at_10.57.13.png exists, skipping
Wordpress_elementor_template_insert_button.png exists, skipping
Process-K8s_Installation-Ingress-service_debugging.png exists, skipping
Vee-model_of_Pasar_Rakyat_Bahagia.png exists, skipping
Education_3.png exists, skipping
Screen_Shot_2022-02-19_at_05.51.42.png exists, skipping
Example2.png exists, skipping
Screen_Shot_2022-02-18_at_03.40.31.png exists, skipping
å›¾ç‰‡13424.png exists, skipping
Screen_Shot_2022-02-01_at_10.01.54.png exists, skipping
Screen_Shot_2022-02-16_at_20.38.05.png exists, skipping
Screen_Shot_2022-02-01_at_10.56.23.png exists, skipping
Screen_Shot_2022-02-01_at_10.58.40.png exists, skipping
Screen_Shot_2022-02-01_at_10.57.19.png exists, skipping
Screen_Shot_2022-02-11_at_17.56.01.png exists, skipping
Screen_Shot_2022-02-01_at_11.02.00.png exists, skipping
Screen_Shot_2022-02-23_at_15.03.30.png exists, skipping
å¤§çº².png exists, skipping
Screen_Shot_2022-02-11_at_15.23.24.png exists, skipping
DesigningArchitecture.png exists, skipping
Screen_Shot_2022-02-11_at_05.51.40.png exists, skipping
Screen_Shot_2022-02-11_at_05.53.36.png exists, skipping
Screenshot-test-upload.png exists, skipping
Screen_Shot_2022-02-21_at_11.45.36.png exists, skipping
Screen_Shot_2022-02-01_at_10.29.01.png exists, skipping
Screen_Shot_2022-02-15_at_05.18.32.png exists, skipping
Screen_Shot_2022-02-15_at_14.27.21.png exists, skipping
Screen_Shot_2022-02-16_at_06.09.57.png exists, skipping
Screen_Shot_2022-02-01_at_10.31.23.png exists, skipping
Keycloak_Login_Screen.png exists, skipping
Screen_Shot_2022-02-16_at_19.56.56.png exists, skipping
Social_norms_market.png exists, skipping
Screen_Shot_2022-02-19_at_13.30.46.png exists, skipping
Screen_Shot_2022-02-16_at_19.45.52.png exists, skipping
ä¹¦å.jpg exists, skipping
Screen_Shot_2022-02-17_at_03.15.57.png exists, skipping
Screen_Shot_2022-02-11_at_05.52.48.png exists, skipping
Screen_Shot_2022-02-16_at_20.37.15.png exists, skipping
Screen_Shot_2022-02-15_at_17.29.00.png exists, skipping
Screen_Shot_2022-02-01_at_17.06.16.png exists, skipping
Screen_Shot_2022-02-01_at_10.59.40.png exists, skipping
Screen_Shot_2022-02-12_at_20.19.47.png exists, skipping
Screen_Shot_2022-02-11_at_05.56.25.png exists, skipping
Screen_Shot_2022-02-01_at_11.01.38.png exists, skipping
Screen_Shot_2022-02-14_at_05.49.04.png exists, skipping
Screen_Shot_2022-02-15_at_05.18.24.png exists, skipping
Screen_Shot_2022-02-11_at_15.25.40.png exists, skipping
Screen_Shot_2022-02-13_at_05.59.08.png exists, skipping
Pairwise_interaction.jpg exists, skipping
Screen_Shot_2022-02-24_at_05.21.57.png exists, skipping
Screen_Shot_2022-02-21_at_14.49.33.png exists, skipping
Stakeholders_analysis_2.jpg exists, skipping
Screen_Shot_2022-02-16_at_20.26.18.png exists, skipping
Screen_Shot_2022-02-25_at_05.11.30.png exists, skipping
John_Snow.jpg exists, skipping
Screen_Shot_2022-02-15_at_15.32.26.png exists, skipping
Screen_Shot_2022-02-15_at_04.21.45.png exists, skipping
Screen_Shot_2022-02-11_at_15.24.29.png exists, skipping
Screen_Shot_2022-02-11_at_05.56.04.png exists, skipping
Screen_Shot_2022-02-11_at_15.20.34.png exists, skipping
Screen_Shot_2022-02-01_at_10.03.49.png exists, skipping
Screen_Shot_2022-02-11_at_17.56.12.png exists, skipping
Screen_Shot_2022-02-11_at_15.25.24.png exists, skipping
Screen_Shot_2022-02-11_at_05.59.17.png exists, skipping
Screen_Shot_2022-02-16_at_20.07.06.png exists, skipping
Screen_Shot_2022-02-01_at_10.24.10.png exists, skipping
Mdl-login.png exists, skipping
å¹»ç¯ç‰‡62131.png exists, skipping
Screen_Shot_2021-10-28_at_9.31.16_PM.png exists, skipping
Screen_Shot_2022-02-11_at_05.55.50.png exists, skipping
Screen_Shot_2022-02-03_at_05.40.51.png exists, skipping
Screen_Shot_2022-02-01_at_10.26.50.png exists, skipping
Screen_Shot_2022-02-15_at_04.21.09.png exists, skipping
Screen_Shot_2022-02-11_at_15.22.50.png exists, skipping
Screen_Shot_2022-02-15_at_15.16.39.png exists, skipping
Screen_Shot_2022-02-01_at_10.27.17.png exists, skipping
Screen_Shot_2022-02-18_at_03.34.15.png exists, skipping
Screen_Shot_2022-02-23_at_04.24.12.png exists, skipping
Digui.png exists, skipping
1.2.png exists, skipping
1.1.png exists, skipping
ä¼ æ’­å­¦å°ç»„å±•ç¤ºPPT_04.jpg exists, skipping
Screen_Shot_2022-02-03_at_05.44.25.png exists, skipping
Screen_Shot_2022-02-11_at_15.27.26.png exists, skipping
Screen_Shot_2022-02-11_at_17.53.44.png exists, skipping
Screen_Shot_2022-02-09_at_19.33.18.png exists, skipping
Screen_Shot_2022-02-15_at_15.31.30.png exists, skipping
Screen_Shot_2022-02-01_at_16.07.28.png exists, skipping
Screen_Shot_2022-02-01_at_11.01.13.png exists, skipping
Screen_Shot_2022-02-11_at_17.56.06.png exists, skipping
Screen_Shot_2022-02-01_at_04.04.01.png exists, skipping
Screen_Shot_2022-02-17_at_02.49.53.png exists, skipping
Screen_Shot_2022-02-01_at_10.31.05.png exists, skipping
å±å¹•æˆªå›¾_2021-12-15_105200.png exists, skipping
Screen_Shot_2022-02-01_at_10.27.46.png exists, skipping
Wordpress_export_2.png exists, skipping
Screen_Shot_2022-02-24_at_17.08.52.png exists, skipping
Screen_Shot_2022-02-16_at_05.18.09.png exists, skipping
3x3_grids_for_Stakeholders_vs_Project_importance.png exists, skipping
Screen_Shot_2022-02-13_at_17.42.33.png exists, skipping
Screen_Shot_2022-01-31_at_14.49.45.png exists, skipping
Screen_Shot_2022-02-11_at_17.54.40.png exists, skipping
Screen_Shot_2022-02-17_at_03.15.08.png exists, skipping
Wordpress_login.png exists, skipping
Screen_Shot_2022-02-24_at_20.51.36.png exists, skipping
Market_law_social_norms.png exists, skipping
Screen_Shot_2022-02-16_at_11.21.07.png exists, skipping
å±å¹•æˆªå›¾_2021-12-15_150651.png exists, skipping
Screen_Shot_2022-02-01_at_10.01.11.png exists, skipping
Screen_Shot_2022-02-15_at_18.04.03.png exists, skipping
Screen_Shot_2022-02-23_at_05.09.25.png exists, skipping
Screen_Shot_2022-02-13_at_20.11.24.png exists, skipping
Screen_Shot_2022-02-01_at_10.57.55.png exists, skipping
Screen_Shot_2022-02-18_at_03.40.53.png exists, skipping
Screen_Shot_2022-02-01_at_11.01.48.png exists, skipping
Kiali-app.png exists, skipping
Screen_Shot_2022-02-23_at_15.03.36.png exists, skipping
Blockchain-assess-grade.png exists, skipping
Screen_Shot_2022-02-11_at_05.58.23.png exists, skipping
Screen_Shot_2022-02-09_at_16.32.30.png exists, skipping
Screen_Shot_2022-02-17_at_02.49.22.png exists, skipping
Screen_Shot_2022-02-01_at_10.03.01.png exists, skipping
Screen_Shot_2022-02-01_at_10.59.20.png exists, skipping
Screen_Shot_2022-02-11_at_15.25.03.png exists, skipping
Screen_Shot_2022-02-11_at_05.57.35.png exists, skipping
Screen_Shot_2022-02-15_at_15.51.04.png exists, skipping
Screen_Shot_2022-02-13_at_19.38.05.png exists, skipping
Screen_Shot_2022-01-31_at_14.49.32.png exists, skipping
Screen_Shot_2022-02-11_at_15.24.57.png exists, skipping
Screen_Shot_2022-02-01_at_11.03.27.png exists, skipping
Screen_Shot_2022-02-11_at_05.54.22.png exists, skipping
Screen_Shot_2022-02-01_at_10.59.45.png exists, skipping
Mdl-auth.png exists, skipping
Screen_Shot_2022-02-18_at_13.55.58.png exists, skipping
Screen_Shot_2022-02-12_at_20.18.24.png exists, skipping
Screen_Shot_2022-02-01_at_10.00.14.png exists, skipping
WBS.PNG exists, skipping
å›ºåŠ›1.png exists, skipping
Screen_Shot_2022-02-16_at_20.25.44.png exists, skipping
Screen_Shot_2022-02-23_at_05.10.44.png exists, skipping
2400px-Industry_Frontiers_2018_4800px.jpg exists, skipping
æ—¶ç©ºé”¥.png exists, skipping
Screen_Shot_2022-02-01_at_10.31.11.png exists, skipping
Screen_Shot_2022-02-01_at_11.03.33.png exists, skipping
Docker-diagram.png exists, skipping
Screen_Shot_2022-02-13_at_17.22.19.png exists, skipping
Screen_Shot_2022-02-24_at_04.28.19.png exists, skipping
Screen_Shot_2022-02-01_at_10.02.07.png exists, skipping
Capacity_building2.jpg exists, skipping
OpensourceTree.png exists, skipping
Screen_Shot_2022-02-11_at_05.53.43.png exists, skipping
Screen_Shot_2022-02-15_at_15.32.42.png exists, skipping
LogoDigikube.PNG exists, skipping
Screen_Shot_2022-02-11_at_05.54.07.png exists, skipping
Screen_Shot_2021-07-31_at_9.55.12_PM.png exists, skipping
Screen_Shot_2022-02-01_at_17.07.46.png exists, skipping
Screen_Shot_2022-02-24_at_11.45.20.png exists, skipping
TheStringDiagramForACategoryTheorySpeech.png exists, skipping
Screen_Shot_2022-02-18_at_03.41.16.png exists, skipping
Screen_Shot_2022-02-01_at_10.06.06.png exists, skipping
Screen_Shot_2022-02-14_at_11.57.48.png exists, skipping
Screen_Shot_2022-02-01_at_10.05.39.png exists, skipping
Screen_Shot_2022-02-08_at_20.31.46.png exists, skipping
Screen_Shot_2022-02-11_at_15.23.56.png exists, skipping
Screen_Shot_2022-02-01_at_10.03.17.png exists, skipping
Screen_Shot_2022-02-16_at_05.18.32.png exists, skipping
Systems_interface.jpg exists, skipping
Screen_Shot_2022-02-11_at_05.58.51.png exists, skipping
Screen_Shot_2022-02-01_at_11.05.10.png exists, skipping
Phabricator_workboard.png exists, skipping
Screen_Shot_2022-02-19_at_13.09.16.png exists, skipping
Fig1.png exists, skipping
Screen_Shot_2021-08-02_at_11.18.55_AM.png exists, skipping
Screen_Shot_2022-02-03_at_05.20.46.png exists, skipping
Screen_Shot_2022-02-11_at_15.22.10.png exists, skipping
ç½—å¡žå¡”çŸ³ç¢‘.png exists, skipping
Screen_Shot_2022-02-01_at_10.03.44.png exists, skipping
Screen_Shot_2022-02-11_at_17.54.46.png exists, skipping
Screen_Shot_2022-02-01_at_17.06.37.png exists, skipping
1.3.png exists, skipping
Screen_Shot_2022-02-11_at_05.57.29.png exists, skipping
Screen_Shot_2022-02-01_at_17.06.43.png exists, skipping
Screen_Shot_2022-02-03_at_05.52.14.png exists, skipping
Screen_Shot_2022-01-31_at_14.49.26.png exists, skipping
Screen_Shot_2022-02-18_at_03.45.41.png exists, skipping
Screen_Shot_2022-02-01_at_11.00.12.png exists, skipping
Li_Xinrong.jpg exists, skipping
Screen_Shot_2022-02-11_at_05.56.09.png exists, skipping
Screen_Shot_2022-02-13_at_17.39.00.png exists, skipping
Screen_Shot_2022-02-13_at_05.54.17.png exists, skipping
Screen_Shot_2022-02-19_at_06.33.17.png exists, skipping
Screen_Shot_2022-02-17_at_20.58.43.png exists, skipping
Screen_Shot_2022-01-31_at_14.25.26.png exists, skipping
Screen_Shot_2022-02-01_at_10.26.10.png exists, skipping
Screen_Shot_2022-02-11_at_05.59.24.png exists, skipping
KnowledgeStandardsFoundation.jpg exists, skipping
Screen_Shot_2022-02-14_at_04.23.40.png exists, skipping
Screen_Shot_2022-02-01_at_11.04.22.png exists, skipping
Screen_Shot_2022-02-18_at_03.39.33.png exists, skipping
Screen_Shot_2022-02-01_at_10.26.42.png exists, skipping
Screen_Shot_2022-02-16_at_03.59.22.png exists, skipping
Screen_Shot_2022-02-11_at_15.27.41.png exists, skipping
Screen_Shot_2022-02-03_at_05.55.07.png exists, skipping
Kuhn.png exists, skipping
Anne_Sutanto.jpg exists, skipping
Backup-restore.png exists, skipping
Screen_Shot_2022-02-09_at_08.22.09.png exists, skipping
Screen_Shot_2022-02-19_at_05.58.50.png exists, skipping
Screen_Shot_2022-02-13_at_03.23.40.png exists, skipping
Screen_Shot_2022-02-14_at_12.36.27.png exists, skipping
Screen_Shot_2022-02-16_at_05.18.21.png exists, skipping
TM_Potrait_copy_(1).jpg exists, skipping
Screen_Shot_2022-02-01_at_10.31.37.png exists, skipping
Screen_Shot_2022-02-01_at_17.06.21.png exists, skipping
Screen_Shot_2022-02-01_at_10.30.49.png exists, skipping
Screen_Shot_2022-02-01_at_04.23.41.png exists, skipping
Screen_Shot_2022-02-09_at_10.35.37.png exists, skipping
Screen_Shot_2021-10-28_at_9.26.19_PM.png exists, skipping
Screen_Shot_2022-02-01_at_10.58.08.png exists, skipping
Screen_Shot_2022-02-01_at_10.02.55.png exists, skipping
Screen_Shot_2022-02-11_at_15.25.56.png exists, skipping
Phu_Tawan_Organic_Farm.jpg exists, skipping
Container_types.png exists, skipping
Screen_Shot_2022-02-24_at_05.22.05.png exists, skipping
Screen_Shot_2022-02-14_at_15.02.17.png exists, skipping
Screen_Shot_2022-02-17_at_14.37.19.png exists, skipping
Screen_Shot_2022-02-13_at_03.23.47.png exists, skipping
Ansible_backup-restore.png exists, skipping
Screen_Shot_2022-02-01_at_10.00.33.png exists, skipping
Screen_Shot_2022-02-01_at_10.28.55.png exists, skipping
Screen_Shot_2022-02-24_at_21.13.37.png exists, skipping
0.png exists, skipping
Screen_Shot_2022-02-12_at_20.17.33.png exists, skipping
Screen_Shot_2022-01-31_at_14.49.01.png exists, skipping
Screen_Shot_2022-02-11_at_05.56.19.png exists, skipping
Screen_Shot_2022-02-01_at_10.30.42.png exists, skipping
Screen_Shot_2022-02-01_at_10.05.46.png exists, skipping
Screen_Shot_2022-02-01_at_10.26.58.png exists, skipping
Screen_Shot_2022-02-23_at_05.09.12.png exists, skipping
Screen_Shot_2022-02-13_at_19.37.15.png exists, skipping
Screen_Shot_2022-02-14_at_05.26.19.png exists, skipping
Screen_Shot_2022-02-11_at_05.58.29.png exists, skipping
Screen_Shot_2022-02-01_at_10.29.39.png exists, skipping
Screen_Shot_2022-02-11_at_15.23.36.png exists, skipping
Screen_Shot_2022-02-18_at_03.35.00.png exists, skipping
Book.png exists, skipping
Figure_3_1_ER_Diagram.png exists, skipping
Screen_Shot_2022-02-01_at_10.31.17.png exists, skipping
Screen_Shot_2022-02-13_at_19.05.22.png exists, skipping
Screen_Shot_2022-02-13_at_17.08.34.png exists, skipping
Screen_Shot_2022-02-01_at_11.04.14.png exists, skipping
Screen_Shot_2022-02-13_at_19.28.39.png exists, skipping
Screen_Shot_2022-02-23_at_09.56.59.png exists, skipping
Screen_Shot_2022-02-13_at_18.21.56.png exists, skipping
Screen_Shot_2022-02-11_at_17.53.24.png exists, skipping
Screen_Shot_2022-02-08_at_14.14.26.png exists, skipping
Screen_Shot_2022-02-24_at_05.30.45.png exists, skipping
Screen_Shot_2022-02-01_at_10.30.34.png exists, skipping
Socialmedia.jpg exists, skipping
Screen_Shot_2022-02-15_at_14.26.02.png exists, skipping
å›ºä½“åŠ›å­¦å‘å±•å².png exists, skipping
Screen_Shot_2022-02-01_at_11.02.06.png exists, skipping
Latex_tikz_tutorial_1.png exists, skipping
Screen_Shot_2022-01-30_at_12.32.55.png exists, skipping
Screen_Shot_2022-02-23_at_20.48.39.png exists, skipping
Screen_Shot_2022-02-01_at_10.59.51.png exists, skipping
Screen_Shot_2022-02-17_at_16.23.32.png exists, skipping
Screen_Shot_2022-02-11_at_05.58.46.png exists, skipping
Screen_Shot_2022-02-23_at_04.23.35.png exists, skipping
Quan2.jpg exists, skipping
Screen_Shot_2022-02-22_at_11.30.24.png exists, skipping
Screen_Shot_2022-02-11_at_15.21.38.png exists, skipping
Screen_Shot_2022-02-13_at_17.22.48.png exists, skipping
Screen_Shot_2022-02-18_at_03.42.09.png exists, skipping
Color_Contour.png exists, skipping
G1_copy_2.png exists, skipping
Screen_Shot_2022-02-14_at_11.21.43.png exists, skipping
Screen_Shot_2022-02-01_at_11.01.19.png exists, skipping
Screen_Shot_2022-02-01_at_04.03.38.png exists, skipping
Screen_Shot_2022-02-01_at_10.29.08.png exists, skipping
Screen_Shot_2022-02-14_at_14.32.05.png exists, skipping
Screen_Shot_2022-02-01_at_10.56.42.png exists, skipping
Screen_Shot_2022-02-23_at_21.27.43.png exists, skipping
Screen_Shot_2022-02-11_at_17.55.00.png exists, skipping
Stakeholder_Analysis.jpeg exists, skipping
Screen_Shot_2022-02-01_at_10.04.17.png exists, skipping
Screen_Shot_2022-02-11_at_05.52.36.png exists, skipping
Screen_Shot_2022-02-01_at_11.04.03.png exists, skipping
è¿›åŒ–åˆ†å­é’Ÿ.png exists, skipping
TDCF2021_L04.png exists, skipping
æˆ‘ç”¨ååºé›†è¡¨è¾¾çš„ä¸­å¿ƒæ³•åˆ™.jpg exists, skipping
Screen_Shot_2022-02-16_at_06.10.19.png exists, skipping
AoS2009.pdf exists, skipping
Test.svg exists, skipping
Screen_Shot_2022-02-12_at_20.20.09.png exists, skipping
Screen_Shot_2022-02-11_at_05.52.58.png exists, skipping
Screen_Shot_2022-02-01_at_10.28.01.png exists, skipping
Screen_Shot_2022-02-16_at_11.02.18.png exists, skipping
Screen_Shot_2022-02-11_at_15.26.07.png exists, skipping
Screen_Shot_2022-02-16_at_06.10.07.png exists, skipping
Use_Case_Diagram.png exists, skipping
Screen_Shot_2022-02-11_at_15.26.01.png exists, skipping
Screen_Shot_2022-02-16_at_05.17.49.png exists, skipping
Screen_Shot_2022-02-11_at_05.54.59.png exists, skipping
Screen_Shot_2022-02-11_at_15.20.50.png exists, skipping
Screen_Shot_2021-10-28_at_9.44.56_PM.png exists, skipping
Screen_Shot_2022-02-01_at_10.00.25.png exists, skipping
Screen_Shot_2022-02-09_at_16.32.14.png exists, skipping
Screen_Shot_2022-02-11_at_17.53.50.png exists, skipping
Screen_Shot_2022-02-15_at_17.55.47.png exists, skipping
Screen_Shot_2022-02-16_at_06.10.31.png exists, skipping
Screen_Shot_2022-02-11_at_05.53.07.png exists, skipping
Screen_Shot_2022-02-23_at_05.10.06.png exists, skipping
Screen_Shot_2022-02-11_at_05.55.35.png exists, skipping
Wordpress_export.png exists, skipping
Screen_Shot_2022-02-18_at_14.27.14.png exists, skipping
Screen_Shot_2022-02-14_at_11.23.45.png exists, skipping
Screen_Shot_2022-02-01_at_10.26.25.png exists, skipping
Screen_Shot_2022-02-13_at_10.39.41.png exists, skipping
Screen_Shot_2022-02-11_at_17.53.37.png exists, skipping
Screen_Shot_2022-02-11_at_17.55.55.png exists, skipping
Kobsak.jpg exists, skipping
Screen_Shot_2022-02-11_at_05.53.25.png exists, skipping
Screen_Shot_2022-02-01_at_10.58.21.png exists, skipping
Screen_Shot_2022-02-01_at_10.58.25.png exists, skipping
Screen_Shot_2022-02-11_at_15.25.19.png exists, skipping
é—ä¼ å˜å¼‚ä¸Žå„ç§è¿›åŒ–ç†è®º.png exists, skipping
Screen_Shot_2022-02-17_at_02.51.10.png exists, skipping
Slide15.JPG exists, skipping
Screen_Shot_2022-02-16_at_20.08.17.png exists, skipping
Screen_Shot_2022-02-16_at_20.06.23.png exists, skipping
Screen_Shot_2022-02-11_at_05.53.19.png exists, skipping
Screen_Shot_2022-02-01_at_10.24.28.png exists, skipping
Screen_Shot_2022-02-11_at_17.53.31.png exists, skipping
Screen_Shot_2022-02-11_at_15.21.50.png exists, skipping
æµè¡Œç—…å­¦ç ”ç©¶2.png exists, skipping
Chaos.jpg exists, skipping
Screen_Shot_2022-02-18_at_03.34.50.png exists, skipping
Screen_Shot_2022-02-01_at_17.07.59.png exists, skipping
Screen_Shot_2022-02-01_at_10.06.20.png exists, skipping
Screen_Shot_2022-02-09_at_19.49.27.png exists, skipping
PBS.PNG exists, skipping
æ€ç»´å¯¼å›¾2.png exists, skipping
Screen_Shot_2022-02-14_at_12.47.52.png exists, skipping
Screen_Shot_2022-02-16_at_11.01.57.png exists, skipping
Screen_Shot_2022-02-14_at_04.30.34.png exists, skipping
èŒƒç•´è®º.jpg exists, skipping
2013-11-26-11_01_05-RosvallBergstromPNAS2008Full.pdf-Adobe-Reader.png exists, skipping
Screen_Shot_2022-02-15_at_04.35.52.png exists, skipping
Screen_Shot_2022-02-01_at_04.24.23.png exists, skipping
Screen_Shot_2022-02-01_at_17.06.26.png exists, skipping
Screen_Shot_2022-02-15_at_14.26.41.png exists, skipping
Screen_Shot_2022-02-11_at_15.24.51.png exists, skipping
Screen_Shot_2022-02-01_at_10.57.39.png exists, skipping
Screen_Shot_2022-02-16_at_05.17.59.png exists, skipping
Ansible-diagram.png exists, skipping
Screen_Shot_2022-02-24_at_17.14.35.png exists, skipping
Screen_Shot_2022-02-11_at_15.20.58.png exists, skipping
Opensource.jpg exists, skipping
Screen_Shot_2022-02-22_at_11.58.49.png exists, skipping
Screen_Shot_2022-02-22_at_11.31.55.png exists, skipping
Process-K8s_Installation-Ingress-AWS_Load_Balancer.png exists, skipping
Screen_Shot_2022-02-11_at_15.28.17.png exists, skipping
Screen_Shot_2022-02-11_at_17.54.28.png exists, skipping
Slide2.PNG exists, skipping
Screen_Shot_2022-02-11_at_15.26.49.png exists, skipping
Screen_Shot_2022-02-11_at_05.58.15.png exists, skipping
Screen_Shot_2022-02-16_at_20.36.51.png exists, skipping
Screen_Shot_2022-02-01_at_10.03.10.png exists, skipping
Screen_Shot_2022-02-01_at_11.04.31.png exists, skipping
Dpw_os.png exists, skipping
Education_2.png exists, skipping
Screen_Shot_2022-02-11_at_17.54.13.png exists, skipping
Screen_Shot_2022-02-01_at_10.59.33.png exists, skipping
Natural_transformation.png exists, skipping
Screen_Shot_2022-02-01_at_17.07.09.png exists, skipping
Foto_Github.jpg exists, skipping
Screen_Shot_2022-02-01_at_10.01.38.png exists, skipping
Screen_Shot_2022-02-11_at_15.24.02.png exists, skipping
MOBIKE_DATA.docx exists, skipping
Docker-ps-output.png exists, skipping
Screen_Shot_2022-02-01_at_10.25.54.png exists, skipping
Screen_Shot_2022-02-17_at_14.59.29.png exists, skipping
Screen_Shot_2022-02-22_at_09.49.32.png exists, skipping
Figure_2_1_Use_Case_Diagram.png exists, skipping
Screen_Shot_2022-02-19_at_06.55.46.png exists, skipping
Screen_Shot_2022-02-01_at_16.07.36.png exists, skipping
K8s.svg exists, skipping
Screen_Shot_2022-02-16_at_20.06.13.png exists, skipping
The_Last_Supper_-_Leonardo_Da_Vinci_-_High_Resolution_32x16.jpg exists, skipping
Screen_Shot_2022-02-18_at_03.39.50.png exists, skipping
Screen_Shot_2022-02-15_at_04.54.09.png exists, skipping
Screen_Shot_2022-02-15_at_08.56.10.png exists, skipping
Screen_Shot_2022-02-13_at_19.37.49.png exists, skipping
å›ºåŠ›3.png exists, skipping
Timeline.jpeg exists, skipping
Screen_Shot_2022-02-24_at_04.36.21.png exists, skipping
Screen_Shot_2022-02-18_at_03.38.12.png exists, skipping
Screen_Shot_2022-02-01_at_10.29.54.png exists, skipping
Screen_Shot_2022-02-13_at_20.08.04.png exists, skipping
HDX_members.jpg exists, skipping
Wordpress_page_title_elementor.png exists, skipping
Screen_Shot_2022-02-23_at_21.31.46.png exists, skipping
Screen_Shot_2022-02-14_at_05.33.02.png exists, skipping
Screen_Shot_2022-02-01_at_10.57.24.png exists, skipping
Screen_Shot_2022-02-01_at_17.06.04.png exists, skipping
DATA_MELAHIRKAN_KOTA_MAJU_DI_DUNIA.docx exists, skipping
Screen_Shot_2022-02-01_at_10.27.06.png exists, skipping
Screen_Shot_2022-02-18_at_14.20.46.png exists, skipping
6345645653.png exists, skipping
Screen_Shot_2022-02-11_at_15.26.22.png exists, skipping
Screen_Shot_2022-02-24_at_11.45.59.png exists, skipping
Screen_Shot_2022-02-01_at_10.01.29.png exists, skipping
Screen_Shot_2022-02-11_at_05.54.49.png exists, skipping
R-C.png exists, skipping
Screen_Shot_2022-02-01_at_16.11.39.png exists, skipping
Screen_Shot_2022-02-11_at_05.55.43.png exists, skipping
Mediawiki_upload_1.png exists, skipping
Screen_Shot_2022-02-11_at_15.21.11.png exists, skipping
32456345647.png exists, skipping
Screen_Shot_2021-10-28_at_9.48.08_PM.png exists, skipping
Final_Report_Pasar_Rakyat_Group_5_(1).docx exists, skipping
Screen_Shot_2022-02-01_at_11.02.30.png exists, skipping
Pas_foto_eddy_tsing_hua.jpg exists, skipping
Education_1.png exists, skipping
Screen_Shot_2022-02-18_at_03.41.32.png exists, skipping
Screen_Shot_2022-02-13_at_18.20.55.png exists, skipping
Application_Load_Balancer.png exists, skipping
Screen_Shot_2022-02-15_at_17.12.37.png exists, skipping
Screen_Shot_2022-02-18_at_03.42.46.png exists, skipping
Screen_Shot_2022-02-15_at_04.36.05.png exists, skipping
Screen_Shot_2022-02-15_at_04.19.58.png exists, skipping
Screen_Shot_2022-02-15_at_17.16.53.png exists, skipping
Screen_Shot_2022-02-24_at_12.16.41.png exists, skipping
Lo_and_Behold_id.pdf exists, skipping
Screen_Shot_2022-02-01_at_11.01.54.png exists, skipping
Screen_Shot_2022-02-11_at_15.24.09.png exists, skipping
Mediawiki_upload_3.png exists, skipping
Fbs.png exists, skipping
Screen_Shot_2022-01-31_at_14.48.53.png exists, skipping
Screen_Shot_2022-02-11_at_05.57.18.png exists, skipping
Screen_Shot_2022-02-01_at_17.07.42.png exists, skipping
Timeline.png exists, skipping
Screen_Shot_2022-02-09_at_19.07.25.png exists, skipping
Screen_Shot_2022-02-11_at_15.22.27.png exists, skipping
Screen_Shot_2022-02-17_at_02.50.18.png exists, skipping
Screen_Shot_2022-02-18_at_03.55.00.png exists, skipping
Example_wiki.png exists, skipping
Screen_Shot_2022-02-23_at_05.09.42.png exists, skipping
Screen_Shot_2022-02-09_at_19.33.11.png exists, skipping
Screen_Shot_2022-02-01_at_10.04.56.png exists, skipping
Screen_Shot_2022-02-01_at_10.30.16.png exists, skipping
Screen_Shot_2022-02-18_at_14.20.37.png exists, skipping
Screen_Shot_2022-02-15_at_05.18.41.png exists, skipping
E.svg exists, skipping
Screen_Shot_2022-02-01_at_10.56.54.png exists, skipping
Screen_Shot_2022-02-16_at_06.09.17.png exists, skipping
Screen_Shot_2022-02-16_at_11.20.51.png exists, skipping
Screen_Shot_2022-02-01_at_11.03.04.png exists, skipping
Screen_Shot_2022-02-01_at_11.05.25.png exists, skipping
Screen_Shot_2022-02-01_at_10.06.01.png exists, skipping
Screen_Shot_2022-02-13_at_10.58.17.png exists, skipping
Screen_Shot_2022-02-12_at_20.29.54.png exists, skipping
Screen_Shot_2022-02-09_at_15.03.27.png exists, skipping
PoliticsOfComposition.jpg exists, skipping
Screen_Shot_2022-02-11_at_15.25.51.png exists, skipping
Screen_Shot_2021-08-28_at_8.02.52_PM.png exists, skipping
Slide6_6.PNG exists, skipping
Screen_Shot_2022-02-15_at_15.14.09.png exists, skipping
Screen_Shot_2022-02-14_at_05.19.55.png exists, skipping
Screen_Shot_2022-02-18_at_03.34.31.png exists, skipping
Figure_2_4_FoodHall_Store.png exists, skipping
Screen_Shot_2022-02-23_at_05.10.32.png exists, skipping
Screen_Shot_2022-02-11_at_15.26.13.png exists, skipping
Screen_Shot_2022-02-11_at_05.55.07.png exists, skipping
Screen_Shot_2022-02-13_at_01.44.45.png exists, skipping
Screen_Shot_2022-02-01_at_11.01.32.png exists, skipping
Wordpress_page_edit.png exists, skipping
Screen_Shot_2022-02-11_at_17.56.56.png exists, skipping
Screen_Shot_2022-02-11_at_15.21.44.png exists, skipping
Iceberg_model.jpg exists, skipping
Screen_Shot_2022-02-01_at_10.06.26.png exists, skipping
Screen_Shot_2022-02-11_at_15.26.41.png exists, skipping
Screen_Shot_2022-02-13_at_01.44.57.png exists, skipping
Screen_Shot_2022-02-14_at_11.58.02.png exists, skipping
Screen_Shot_2022-02-23_at_21.55.48.png exists, skipping
Screen_Shot_2022-02-13_at_10.37.49.png exists, skipping
Screen_Shot_2022-02-14_at_05.48.16.png exists, skipping
Screen_Shot_2022-02-15_at_05.56.31.png exists, skipping
Plastic_Exchange_Logo.jpeg exists, skipping
Screen_Shot_2022-02-15_at_15.50.49.png exists, skipping
Screen_Shot_2022-02-24_at_21.08.06.png exists, skipping
Screen_Shot_2022-02-25_at_03.30.29.png exists, skipping
Screen_Shot_2022-02-13_at_06.27.54.png exists, skipping
Screen_Shot_2022-02-11_at_05.51.13.png exists, skipping
1.4.png exists, skipping
Screen_Shot_2022-02-16_at_20.25.32.png exists, skipping
Mobike_Data_id.pdf exists, skipping
BaliGarden.jpg exists, skipping
Wordpress_elementor_template_select.png exists, skipping
Screen_Shot_2022-02-01_at_10.05.33.png exists, skipping
Screen_Shot_2021-10-27_at_10.27.03_PM.png exists, skipping
Screen_Shot_2022-02-11_at_15.23.30.png exists, skipping
Screen_Shot_2022-02-13_at_20.37.17.png exists, skipping
Screen_Shot_2022-02-01_at_10.58.14.png exists, skipping
Screen_Shot_2022-02-15_at_08.53.59.png exists, skipping
Screen_Shot_2022-02-01_at_10.59.03.png exists, skipping
Screen_Shot_2022-02-15_at_15.50.39.png exists, skipping
Screen_Shot_2022-02-01_at_11.00.32.png exists, skipping
Screen_Shot_2022-02-11_at_17.55.06.png exists, skipping
Screen_Shot_2022-02-18_at_03.45.31.png exists, skipping
Screen_Shot_2022-02-11_at_05.54.36.png exists, skipping
Remix_architecture.png exists, skipping
Screen_Shot_2022-02-14_at_09.17.31.png exists, skipping
Screen_Shot_2022-02-11_at_15.21.03.png exists, skipping
AoS_RosettaStone.png exists, skipping
DevOps.png exists, skipping
System_interface.jpg exists, skipping
Src=http_nimg.ws.126.net_url=http%_3A%_2F%_2Fdingyue.ws.126.net%_2F2021%_2F1006%_2F965d17eaj00r0j6my008qd200rs00seg00rs00se.jpg&thumbnail=650x2147483647&quality=80&type=jpg&refer=http_nimg.ws.126.jpg exists, skipping
Screen_Shot_2022-02-01_at_10.04.30.png exists, skipping
Screen_Shot_2022-02-15_at_15.14.18.png exists, skipping
Screen_Shot_2022-02-11_at_05.55.58.png exists, skipping
Screen_Shot_2022-02-01_at_10.03.55.png exists, skipping
Screen_Shot_2022-02-15_at_14.24.51.png exists, skipping
Screen_Shot_2022-02-01_at_10.24.34.png exists, skipping
Screen_Shot_2022-02-17_at_03.14.48.png exists, skipping
Screen_Shot_2022-01-31_at_14.49.17.png exists, skipping
Screen_Shot_2022-02-23_at_21.11.16.png exists, skipping
Figure_2_3_Supplier.png exists, skipping
Screen_Shot_2022-02-01_at_10.02.29.png exists, skipping
Screen_Shot_2021-07-31_at_9.35.59_PM.png exists, skipping
Screen_Shot_2022-02-11_at_05.59.03.png exists, skipping
Screen_Shot_2022-02-11_at_15.27.10.png exists, skipping
Screen_Shot_2022-02-11_at_15.23.06.png exists, skipping
Screen_Shot_2022-02-11_at_05.59.42.png exists, skipping
Screen_Shot_2022-02-15_at_05.51.02.png exists, skipping
Scale.png exists, skipping
Screen_Shot_2022-02-11_at_15.21.18.png exists, skipping
Screen_Shot_2022-02-11_at_05.57.52.png exists, skipping
Screen_Shot_2022-02-11_at_17.55.48.png exists, skipping
Screen_Shot_2022-02-01_at_10.31.30.png exists, skipping
Screen_Shot_2022-02-01_at_10.01.23.png exists, skipping
Screen_Shot_2022-02-17_at_03.15.22.png exists, skipping
Screen_Shot_2022-02-11_at_15.25.45.png exists, skipping
Screen_Shot_2022-02-01_at_10.05.16.png exists, skipping
Badges.png exists, skipping
Screen_Shot_2022-02-11_at_05.58.04.png exists, skipping
ä¸­å¿ƒæ³•åˆ™.png exists, skipping
Screen_Shot_2022-02-01_at_10.05.07.png exists, skipping
Screen_Shot_2022-02-01_at_11.00.51.png exists, skipping
Screen_Shot_2022-02-13_at_16.53.05.png exists, skipping
Screen_Shot_2022-02-11_at_15.23.12.png exists, skipping
Screen_Shot_2022-02-11_at_15.25.13.png exists, skipping
Screen_Shot_2022-02-09_at_14.10.08.png exists, skipping
ChartName.drawio.svg exists, skipping
DC.png exists, skipping
Screen_Shot_2022-02-01_at_11.03.21.png exists, skipping
Screen_Shot_2022-02-09_at_17.26.00.png exists, skipping
Screen_Shot_2022-02-01_at_17.06.53.png exists, skipping
Empiricism.jpg exists, skipping
Screen_Shot_2022-02-11_at_17.56.25.png exists, skipping
Screen_Shot_2022-02-15_at_05.56.44.png exists, skipping
Screen_Shot_2022-02-16_at_11.02.34.png exists, skipping
Screen_Shot_2022-02-01_at_17.07.23.png exists, skipping
Screen_Shot_2022-02-25_at_03.30.54.png exists, skipping
Screen_Shot_2022-02-11_at_15.28.00.png exists, skipping
Screen_Shot_2022-02-11_at_05.59.31.png exists, skipping
Screen_Shot_2022-02-24_at_12.24.19.png exists, skipping
Screen_Shot_2022-02-01_at_10.02.21.png exists, skipping
Screen_Shot_2022-02-01_at_16.07.56.png exists, skipping
Screen_Shot_2022-02-11_at_15.23.50.png exists, skipping
Screen_Shot_2022-02-11_at_05.51.46.png exists, skipping
Screen_Shot_2022-02-15_at_05.19.23.png exists, skipping
Part-orange-rouge-de-sang-18157040.jpg exists, skipping
Screen_Shot_2022-02-14_at_12.36.59.png exists, skipping
Project_Milestones_-_small.jpg exists, skipping
Screen_Shot_2022-02-08_at_20.24.18.png exists, skipping
Screen_Shot_2022-02-18_at_03.41.43.png exists, skipping
Wordpress_page_view.png exists, skipping
Screen_Shot_2022-02-01_at_10.57.48.png exists, skipping
Screen_Shot_2022-02-11_at_15.21.23.png exists, skipping
Project_milestones_-_small.jpg exists, skipping
Technicism.jpg exists, skipping
ä¼ æ’­å­¦å°ç»„å±•ç¤ºPPT_01.jpg exists, skipping
Screen_Shot_2022-02-11_at_15.24.41.png exists, skipping
Theory_u.png exists, skipping
Screen_Shot_2022-02-14_at_11.57.31.png exists, skipping
Screen_Shot_2022-02-11_at_17.54.03.png exists, skipping
Process-K8s_Installation-Ingress-service_debugging_2.png exists, skipping
UnifyingDataWorkflow.png exists, skipping
Screen_Shot_2022-02-15_at_17.13.10.png exists, skipping
Screen_Shot_2022-02-01_at_10.57.07.png exists, skipping
Composite-materials-technology.jpg exists, skipping
EncyclosphereUniversalNetwork.jpeg exists, skipping
å›¾ç‰‡3.png exists, skipping
User-access-type.png exists, skipping
Screen_Shot_2022-02-23_at_15.10.25.png exists, skipping
ClockwiseAndCounterClockwiseBraids.png exists, skipping
Screen_Shot_2022-02-01_at_10.28.43.png exists, skipping
Screen_Shot_2022-02-23_at_05.01.44.png exists, skipping
Screen_Shot_2022-02-15_at_05.50.53.png exists, skipping
Screen_Shot_2022-02-01_at_11.02.13.png exists, skipping
Screen_Shot_2022-02-16_at_04.06.12.png exists, skipping
Screen_Shot_2022-02-01_at_11.00.26.png exists, skipping
Screen_Shot_2022-02-11_at_05.55.21.png exists, skipping
Screen_Shot_2022-02-01_at_10.02.43.png exists, skipping
Slide4_6.PNG exists, skipping
Screen_Shot_2022-02-18_at_14.27.32.png exists, skipping
Screen_Shot_2022-02-01_at_17.05.59.png exists, skipping
Screen_Shot_2022-02-14_at_12.36.38.png exists, skipping
Bell.png exists, skipping
Micro.png exists, skipping
Screen_Shot_2022-02-18_at_03.44.07.png exists, skipping
Screen_Shot_2022-02-18_at_16.38.54.png exists, skipping
Slide9_6.PNG exists, skipping
Screen_Shot_2022-02-13_at_17.00.23.png exists, skipping
Screen_Shot_2022-02-14_at_12.41.21.png exists, skipping
2013-11-26-11_01_24-RosvallBergstromPNAS2008Full.pdf-Adobe-Reader.png exists, skipping
Screen_Shot_2022-02-23_at_21.22.29.png exists, skipping
U=3987653844,682581968&fm=26&fmt=auto.webp.jpg exists, skipping
Functor.png exists, skipping
æµè¡Œç—…å­¦ç ”ç©¶.png exists, skipping
Screen_Shot_2022-02-11_at_05.56.47.png exists, skipping
Screen_Shot_2022-02-01_at_11.02.18.png exists, skipping
Li_xinrong.jpeg exists, skipping
Retwret.png exists, skipping
Screen_Shot_2022-02-01_at_10.00.20.png exists, skipping
Screen_Shot_2022-02-01_at_10.28.30.png exists, skipping
Macro.png exists, skipping
Screen_Shot_2022-02-18_at_03.45.51.png exists, skipping
Screen_Shot_2022-02-11_at_17.56.50.png exists, skipping
Wordpress_elementor_template_edit.png exists, skipping
Screen_Shot_2022-02-19_at_05.27.01.png exists, skipping
Screen_Shot_2022-02-01_at_11.05.05.png exists, skipping
Figure_2_5_FoodHall_Head_Office.png exists, skipping
Screen_Shot_2022-02-23_at_04.23.02.png exists, skipping
Screen_Shot_2022-02-14_at_14.34.08.png exists, skipping
Screen_Shot_2022-02-13_at_17.51.40.png exists, skipping
Quan1.png exists, skipping
Screen_Shot_2022-02-01_at_11.04.59.png exists, skipping
Screen_Shot_2022-02-15_at_17.27.45.png exists, skipping
Screen_Shot_2022-02-13_at_01.45.06.png exists, skipping
LMS_mock_up.png exists, skipping
Slide6.JPG exists, skipping
Screen_Shot_2022-02-11_at_05.53.58.png exists, skipping
Timeline_project.jpeg exists, skipping
Screen_Shot_2021-10-27_at_10.20.57_PM.png exists, skipping
Screen_Shot_2022-02-14_at_12.04.24.png exists, skipping
Screen_Shot_2022-02-18_at_03.37.32.png exists, skipping
Screen_Shot_2022-02-16_at_20.26.01.png exists, skipping
é—´æ–­å¹³è¡¡ç†è®º.png exists, skipping
Supplier_(1)_(1).png exists, skipping
Screen_Shot_2022-02-23_at_05.09.05.png exists, skipping
Project_Cycle_Management_(PCM).jpg exists, skipping
Screen_Shot_2022-02-11_at_15.22.56.png exists, skipping
Screen_Shot_2022-02-01_at_10.02.49.png exists, skipping
Screen_Shot_2022-02-11_at_15.24.35.png exists, skipping
Wordpress_elementor_template_publish.png exists, skipping
Screen_Shot_2022-02-13_at_18.17.06.png exists, skipping
Screen_Shot_2022-02-11_at_17.56.39.png exists, skipping
Screen_Shot_2022-02-08_at_20.28.50.png exists, skipping
Screen_Shot_2022-02-25_at_05.39.40.png exists, skipping
Screen_Shot_2022-02-23_at_14.45.01.png exists, skipping
Screen_Shot_2022-02-01_at_10.58.01.png exists, skipping
Screen_Shot_2022-02-24_at_21.14.05.png exists, skipping
Screen_Shot_2022-02-18_at_03.44.40.png exists, skipping
Screen_Shot_2022-02-19_at_05.38.32.png exists, skipping
Screen_Shot_2022-02-11_at_17.56.33.png exists, skipping
Asad_Al-Lat.stl exists, skipping
Screen_Shot_2022-02-13_at_06.24.57.png exists, skipping
Stakeholders_analysis_1.jpg exists, skipping
Screen_Shot_2022-02-25_at_04.04.10.png exists, skipping
Screen_Shot_2022-02-01_at_04.24.12.png exists, skipping
Example_blog.png exists, skipping
Screen_Shot_2022-02-01_at_11.00.21.png exists, skipping
Screen_Shot_2022-02-18_at_14.27.26.png exists, skipping
Screen_Shot_2022-02-15_at_17.56.13.png exists, skipping
Slide5_6.PNG exists, skipping
Screen_Shot_2022-02-11_at_15.28.11.png exists, skipping
Screen_Shot_2022-02-01_at_10.02.14.png exists, skipping
ä¼ æ’­å­¦å°ç»„å±•ç¤ºPPT_05.jpg exists, skipping
Screen_Shot_2022-02-19_at_08.57.08.png exists, skipping
Hook_Law.png exists, skipping
Screen_Shot_2022-02-11_at_05.58.09.png exists, skipping
Foodhall_dept_store.jpg exists, skipping
Screen_Shot_2022-02-11_at_15.27.46.png exists, skipping
è°ƒæŸ¥æ–¹æ³•æŽ’åº1.png exists, skipping
Screen_Shot_2022-02-12_at_20.19.23.png exists, skipping
Project_milestones.jpg exists, skipping
Screen_Shot_2022-02-01_at_11.01.01.png exists, skipping
Lo_and_Behold.pdf exists, skipping
Screen_Shot_2022-02-14_at_14.31.34.png exists, skipping
Screen_Shot_2022-02-01_at_11.03.46.png exists, skipping
13345652.png exists, skipping
Screen_Shot_2022-02-11_at_17.55.12.png exists, skipping
Screen_Shot_2022-02-01_at_11.04.38.png exists, skipping
Screen_Shot_2022-02-14_at_12.40.18.png exists, skipping
Screen_Shot_2022-02-01_at_11.01.07.png exists, skipping
Screen_Shot_2022-02-01_at_17.07.13.png exists, skipping
Screen_Shot_2022-02-16_at_11.36.45.png exists, skipping
Screen_Shot_2022-02-15_at_15.32.34.png exists, skipping
Kiali-graph.png exists, skipping
Screen_Shot_2022-02-23_at_21.35.00.png exists, skipping
Febi_Ari_Wicaksono.jpg exists, skipping
Screen_Shot_2022-02-01_at_17.05.53.png exists, skipping
Screen_Shot_2022-02-09_at_16.32.35.png exists, skipping
Screen_Shot_2022-02-19_at_05.58.30.png exists, skipping
æµè¡Œç—…å­¦ç¼˜èµ·.png exists, skipping
Wordpress_elementor_button.png exists, skipping
325345.png exists, skipping
Screen_Shot_2022-02-14_at_04.22.56.png exists, skipping
Screen_Shot_2022-02-11_at_05.52.19.png exists, skipping
Screen_Shot_2022-02-01_at_10.59.25.png exists, skipping
Screen_Shot_2022-02-16_at_03.59.38.png exists, skipping
å›¾ç‰‡135466.jpg exists, skipping
Design_contract_activities.jpg exists, skipping
DC_(1).png exists, skipping
Screen_Shot_2022-02-13_at_18.17.58.png exists, skipping
KindergartenKidsLearnQuantumMechanics.jpg exists, skipping
Wordpress_elementor_template_folder.png exists, skipping
Screen_Shot_2022-02-01_at_10.30.23.png exists, skipping
Screen_Shot_2022-02-23_at_21.56.12.png exists, skipping
Screen_Shot_2022-02-01_at_10.01.01.png exists, skipping
Screen_Shot_2022-02-16_at_19.46.09.png exists, skipping
Screen_Shot_2022-02-19_at_13.25.41.png exists, skipping
Screen_Shot_2022-02-15_at_05.56.16.png exists, skipping
536574657.png exists, skipping
Screen_Shot_2022-02-01_at_11.02.54.png exists, skipping
Screen_Shot_2022-02-13_at_17.40.42.png exists, skipping
Four_forces.png exists, skipping
Screen_Shot_2022-02-23_at_21.28.27.png exists, skipping
Dpw_plus_participants.png exists, skipping
Screen_Shot_2022-02-19_at_05.38.11.png exists, skipping
å¹»ç¯ç‰‡421434.png exists, skipping
Screen_Shot_2022-02-16_at_11.20.59.png exists, skipping
Screen_Shot_2022-02-11_at_05.52.27.png exists, skipping
Screen_Shot_2022-02-18_at_16.42.13.png exists, skipping
Screen_Shot_2022-02-15_at_17.56.04.png exists, skipping
Screen_Shot_2022-02-01_at_16.07.21.png exists, skipping
Screen_Shot_2022-02-18_at_20.50.32.png exists, skipping
Screen_Shot_2022-02-12_at_20.18.57.png exists, skipping
Screen_Shot_2022-02-15_at_17.55.32.png exists, skipping
Screen_Shot_2022-02-01_at_10.28.23.png exists, skipping
Screen_Shot_2022-02-23_at_14.44.46.png exists, skipping
Jj.svg exists, skipping
Screen_Shot_2022-01-31_at_14.49.08.png exists, skipping
è¿›åŒ–ç”Ÿç‰©å­¦å­¦ç§‘æ¼”è¿›.png exists, skipping
Cube_3d_printing_sample.stl exists, skipping
Screen_Shot_2022-02-11_at_15.27.32.png exists, skipping
Screen_Shot_2022-02-14_at_11.57.19.png exists, skipping
Stakeholder_analysis.jpeg exists, skipping
Toyhouse.png exists, skipping
Screen_Shot_2022-02-11_at_17.55.35.png exists, skipping
Screen_Shot_2022-01-31_at_14.49.39.png exists, skipping
Screen_Shot_2022-02-03_at_05.33.33.png exists, skipping
Screen_Shot_2022-02-01_at_10.56.15.png exists, skipping
Screen_Shot_2022-01-31_at_14.49.51.png exists, skipping
Screen_Shot_2022-02-01_at_11.03.41.png exists, skipping
Screen_Shot_2022-02-16_at_04.17.23.png exists, skipping
DSM.PNG exists, skipping
Screen_Shot_2022-02-13_at_06.13.21.png exists, skipping
Screen_Shot_2022-02-25_at_04.03.06.png exists, skipping
Screen_Shot_2022-02-23_at_20.44.20.png exists, skipping
Screen_Shot_2022-02-01_at_10.58.30.png exists, skipping
Figend.jpg exists, skipping
Docker_Build_Error.png exists, skipping
Screen_Shot_2022-02-13_at_10.59.03.png exists, skipping
Screen_Shot_2022-02-15_at_05.55.19.png exists, skipping
Screen_Shot_2022-02-24_at_21.08.17.png exists, skipping
Screen_Shot_2022-02-23_at_14.57.21.png exists, skipping
Screen_Shot_2022-02-01_at_10.05.55.png exists, skipping
Screen_Shot_2022-02-11_at_05.53.13.png exists, skipping
Mediawiki_summary.png exists, skipping
æµç¨‹å›¾.png exists, skipping
Screen_Shot_2022-02-01_at_04.03.53.png exists, skipping
Screen_Shot_2022-02-25_at_05.53.39.png exists, skipping
Screen_Shot_2022-02-01_at_10.28.16.png exists, skipping
Screen_Shot_2022-02-01_at_04.23.50.png exists, skipping
Mdl-kck.png exists, skipping
Screen_Shot_2022-02-23_at_21.01.41.png exists, skipping
Foto_inaya.jpg exists, skipping
Screen_Shot_2022-02-13_at_17.52.08.png exists, skipping
Screen_Shot_2022-02-15_at_04.43.34.png exists, skipping
Screen_Shot_2022-02-01_at_10.29.12.png exists, skipping
Screen_Shot_2022-02-13_at_02.30.55.png exists, skipping
Screen_Shot_2022-02-11_at_05.53.53.png exists, skipping
Screen_Shot_2022-02-13_at_18.22.58.png exists, skipping
Screen_Shot_2022-02-11_at_15.22.39.png exists, skipping
Logical_Framework_Matrix.png exists, skipping
Value_propositions.jpg exists, skipping
Screen_Shot_2022-02-01_at_11.04.10.png exists, skipping
Project_Plan.png exists, skipping
Ele.jpg exists, skipping
Screen_Shot_2022-02-11_at_05.51.22.png exists, skipping
Screen_Shot_2022-02-22_at_09.12.39.png exists, skipping
Screen_Shot_2022-02-08_at_20.20.16.png exists, skipping
Screen_Shot_2022-02-18_at_03.44.50.png exists, skipping
Screen_Shot_2022-02-01_at_10.00.09.png exists, skipping
Screen_Shot_2022-02-01_at_11.01.25.png exists, skipping
Screen_Shot_2022-02-11_at_17.55.26.png exists, skipping
Screen_Shot_2022-02-01_at_04.23.28.png exists, skipping
Screen_Shot_2022-02-17_at_14.35.38.png exists, skipping
Screen_Shot_2022-02-11_at_17.55.21.png exists, skipping
Screen_Shot_2022-02-14_at_04.31.20.png exists, skipping
Screen_Shot_2022-02-15_at_04.53.52.png exists, skipping
Screen_Shot_2022-02-11_at_15.27.52.png exists, skipping
è¿›åŒ–è¿‡ç¨‹.png exists, skipping
Screen_Shot_2022-01-30_at_19.02.45.png exists, skipping
Screen_Shot_2022-02-22_at_11.32.35.png exists, skipping
Screen_Shot_2022-02-14_at_11.58.37.png exists, skipping
Screen_Shot_2022-02-09_at_10.35.26.png exists, skipping
Screen_Shot_2022-02-12_at_20.17.57.png exists, skipping
Screen_Shot_2022-02-01_at_10.29.33.png exists, skipping
Screen_Shot_2022-02-15_at_14.51.48.png exists, skipping
Screen_Shot_2021-08-24_at_9.09.34_PM.png exists, skipping
Screen_Shot_2022-02-15_at_05.18.54.png exists, skipping
Screen_Shot_2022-02-16_at_11.36.52.png exists, skipping
Screen_Shot_2022-02-11_at_05.56.42.png exists, skipping
Screen_Shot_2022-02-01_at_11.03.14.png exists, skipping
Screen_Shot_2022-02-01_at_04.23.56.png exists, skipping
Screen_Shot_2022-02-01_at_10.29.43.png exists, skipping
Screen_Shot_2022-02-13_at_20.08.13.png exists, skipping
Screen_Shot_2022-02-01_at_10.29.49.png exists, skipping
Design_contract.png exists, skipping
Screen_Shot_2022-02-11_at_15.26.27.png exists, skipping
Screen_Shot_2022-02-11_at_15.24.22.png exists, skipping
Screen_Shot_2022-02-23_at_05.09.31.png exists, skipping
Lightcone.png exists, skipping
Asda.svg exists, skipping
Screen_Shot_2022-02-13_at_02.44.37.png exists, skipping
Screen_Shot_2022-02-21_at_14.25.54.png exists, skipping
Anne_Photo.docx exists, skipping
TUGAS_PROV_CHAN_MOBIKE_DATA.docx exists, skipping
Screen_Shot_2022-02-11_at_15.24.16.png exists, skipping
Screen_Shot_2022-02-11_at_15.23.43.png exists, skipping
Screen_Shot_2022-02-08_at_13.48.14.png exists, skipping
Screen_Shot_2022-02-01_at_17.06.11.png exists, skipping
Screen_Shot_2022-02-01_at_11.04.49.png exists, skipping
Screen_Shot_2022-02-01_at_11.03.51.png exists, skipping
Screen_Shot_2022-02-01_at_10.26.19.png exists, skipping
å±å¹•æˆªå›¾_2021-12-15_151211.png exists, skipping
Screen_Shot_2022-02-23_at_05.10.38.png exists, skipping
Screen_Shot_2022-02-01_at_10.05.49.png exists, skipping
Screen_Shot_2022-02-17_at_20.59.59.png exists, skipping
Screen_Shot_2022-02-13_at_17.22.34.png exists, skipping
Screen_Shot_2022-02-15_at_08.55.28.png exists, skipping
Screen_Shot_2022-02-12_at_20.44.50.png exists, skipping
Storyboard.jpg exists, skipping
HP_Logo.png exists, skipping
Screen_Shot_2022-02-01_at_10.27.30.png exists, skipping
Screen_Shot_2022-02-23_at_14.57.14.png exists, skipping
Fig.png exists, skipping
Screen_Shot_2022-02-01_at_11.05.18.png exists, skipping
Screen_Shot_2022-02-11_at_05.59.51.png exists, skipping
Screen_Shot_2022-02-11_at_15.25.30.png exists, skipping
Slide3.PNG exists, skipping
Screen_Shot_2022-02-18_at_03.44.59.png exists, skipping
Screen_Shot_2022-02-11_at_15.22.45.png exists, skipping
Screen_Shot_2022-02-25_at_04.14.43.png exists, skipping
Screen_Shot_2022-02-09_at_19.07.17.png exists, skipping
Screen_Shot_2022-02-11_at_05.52.11.png exists, skipping
Screen_Shot_2022-02-16_at_11.36.38.png exists, skipping
Screen_Shot_2022-02-01_at_10.30.58.png exists, skipping
Screen_Shot_2022-02-18_at_03.37.13.png exists, skipping
Screen_Shot_2022-02-24_at_05.37.51.png exists, skipping
Screen_Shot_2022-02-01_at_17.06.47.png exists, skipping
Screen_Shot_2022-02-17_at_16.25.58.png exists, skipping
Q3.png exists, skipping
Screen_Shot_2022-02-01_at_10.56.08.png exists, skipping
Screen_Shot_2022-02-24_at_11.44.58.png exists, skipping
F.png exists, skipping
Er7352535234.png exists, skipping
Wordpress_page_new.png exists, skipping
Screen_Shot_2022-02-19_at_13.21.35.png exists, skipping
Ine.jpg exists, skipping
Wordpress_elementor_template_insert.png exists, skipping
æŠ€æœ¯ä¸»ä¹‰èŒƒå¼.jpg exists, skipping
Screen_Shot_2022-02-11_at_05.56.52.png exists, skipping
Screen_Shot_2022-02-01_at_10.00.38.png exists, skipping
Screen_Shot_2022-02-13_at_18.16.15.png exists, skipping
Screen_Shot_2022-02-16_at_19.56.19.png exists, skipping
Screen_Shot_2022-02-11_at_05.59.36.png exists, skipping
Screen_Shot_2022-02-16_at_11.02.26.png exists, skipping
Screen_Shot_2022-02-15_at_04.53.41.png exists, skipping
Screen_Shot_2022-02-01_at_10.30.00.png exists, skipping
Screen_Shot_2022-02-19_at_08.57.02.png exists, skipping
Screen_Shot_2022-02-25_at_02.58.58.png exists, skipping
Screen_Shot_2022-02-01_at_10.06.15.png exists, skipping
Screen_Shot_2022-02-01_at_17.05.46.png exists, skipping
Capacity_building.jpg exists, skipping
Screen_Shot_2022-02-09_at_12.36.24.png exists, skipping
Screen_Shot_2022-02-11_at_05.58.57.png exists, skipping
Screen_Shot_2022-02-01_at_10.27.37.png exists, skipping
Screen_Shot_2022-02-01_at_10.56.29.png exists, skipping
ä¸Šå‡ä¸Žä¸‹é™.jpg exists, skipping
Pandoc_Diagram.png exists, skipping
Screen_Shot_2022-02-01_at_10.59.56.png exists, skipping
Screen_Shot_2022-02-11_at_05.58.37.png exists, skipping
Screen_Shot_2022-02-18_at_03.42.37.png exists, skipping
Screen_Shot_2021-08-03_at_9.35.59_PM.png exists, skipping
Slide1.PNG exists, skipping
Stress_strain_ductile.png exists, skipping
Screen_Shot_2022-02-17_at_20.44.25.png exists, skipping
Screen_Shot_2022-02-17_at_20.59.48.png exists, skipping
Screen_Shot_2022-02-11_at_17.55.41.png exists, skipping
Screen_Shot_2022-02-22_at_11.14.18.png exists, skipping
Screen_Shot_2022-02-13_at_17.52.26.png exists, skipping
Categorical-exploration-17.png exists, skipping
å›¾ç‰‡32532323.jpg exists, skipping
Screen_Shot_2022-02-14_at_11.23.56.png exists, skipping
Screen_Shot_2022-02-18_at_03.37.21.png exists, skipping
Screen_Shot_2022-02-23_at_15.09.42.png exists, skipping
Screen_Shot_2022-02-01_at_10.02.01.png exists, skipping
Screen_Shot_2022-02-08_at_13.48.23.png exists, skipping
Screen_Shot_2022-02-01_at_10.05.00.png exists, skipping
Screen_Shot_2022-02-11_at_15.21.57.png exists, skipping
Screen_Shot_2022-02-23_at_19.56.31.png exists, skipping
Screen_Shot_2022-02-13_at_01.43.03.png exists, skipping
Screen_Shot_2022-02-01_at_16.07.43.png exists, skipping
Screen_Shot_2022-02-13_at_19.25.07.png exists, skipping
Screen_Shot_2022-02-15_at_05.41.32.png exists, skipping
Screen_Shot_2022-02-01_at_17.06.58.png exists, skipping
Screen_Shot_2022-02-23_at_21.03.25.png exists, skipping
Pkc-overview.png exists, skipping
Screen_Shot_2022-02-11_at_05.54.27.png exists, skipping
Dpw_table.png exists, skipping
Screen_Shot_2022-02-01_at_10.28.37.png exists, skipping
Screen_Shot_2022-02-13_at_10.47.47.png exists, skipping
Screen_Shot_2022-02-01_at_17.08.03.png exists, skipping
ChartName1.drawio.svg exists, skipping
Screen_Shot_2022-02-01_at_10.58.46.png exists, skipping
25345.png exists, skipping
Download.jpg exists, skipping
ç»éªŒä¸»ä¹‰èŒƒå¼.jpg exists, skipping
Screen_Shot_2022-02-16_at_20.37.01.png exists, skipping
Screen_Shot_2022-02-13_at_19.35.51.png exists, skipping
Screen_Shot_2022-02-18_at_03.38.21.png exists, skipping
èŒƒç•´è®ºä¸­çš„ä¸‰ä¸ªé‡è¦æ¦‚å¿µ.jpg exists, skipping
Screen_Shot_2022-02-09_at_16.23.53.png exists, skipping
Keycloak_Console_Screen.png exists, skipping
Screen_Shot_2022-02-11_at_15.22.22.png exists, skipping
Screen_Shot_2022-02-09_at_17.26.06.png exists, skipping
Screen_Shot_2022-02-21_at_14.55.56.png exists, skipping
Screen_Shot_2022-02-13_at_06.13.29.png exists, skipping
ä¼ æ’­å­¦å°ç»„å±•ç¤ºPPT_10.jpg exists, skipping
Screen_Shot_2022-02-11_at_15.21.30.png exists, skipping
Logo_Pasar_Rakyat_Bali.png exists, skipping
Screen_Shot_2022-02-15_at_17.12.27.png exists, skipping
Screen_Shot_2022-02-01_at_17.07.04.png exists, skipping
Screen_Shot_2022-02-11_at_17.56.18.png exists, skipping
Screen_Shot_2022-02-12_at_20.21.25.png exists, skipping
Jieyu.png exists, skipping
Screen_Shot_2022-02-11_at_17.54.32.png exists, skipping
Screen_Shot_2022-02-23_at_20.11.16.png exists, skipping
Screen_Shot_2022-02-23_at_05.09.50.png exists, skipping
Screen_Shot_2022-02-11_at_15.23.18.png exists, skipping
Screen_Shot_2022-02-11_at_05.55.29.png exists, skipping
Screen_Shot_2022-02-01_at_10.00.03.png exists, skipping
Bell2.jpg exists, skipping
Screen_Shot_2022-02-23_at_21.52.07.png exists, skipping
Process-K8s_Installation-Ingress-Resource_Unavailable.png exists, skipping
Screen_Shot_2022-02-01_at_16.07.51.png exists, skipping
Screen_Shot_2022-02-16_at_19.56.46.png exists, skipping
Screen_Shot_2022-02-13_at_20.09.43.png exists, skipping
Screen_Shot_2022-02-16_at_06.09.36.png exists, skipping
Team_members.jpg exists, skipping
Screen_Shot_2022-02-13_at_10.49.26.png exists, skipping
Screen_Shot_2022-02-11_at_15.22.16.png exists, skipping
Screen_Shot_2022-02-11_at_15.28.05.png exists, skipping
Slide7_6.PNG exists, skipping
Screen_Shot_2022-02-11_at_05.54.12.png exists, skipping
å¤šå°ºåº¦.jpg exists, skipping
Screen_Shot_2022-02-14_at_04.31.04.png exists, skipping
ç”»å»Š.jpg exists, skipping
Screen_Shot_2022-02-01_at_10.03.30.png exists, skipping
Slide8_6.PNG exists, skipping
Jupyter.jpg exists, skipping
Screen_Shot_2022-02-16_at_04.15.20.png exists, skipping
å›¾ç‰‡1124.png exists, skipping
Screen_Shot_2022-02-11_at_05.57.44.png exists, skipping
Remix_tools.png exists, skipping
Screen_Shot_2022-02-01_at_10.27.24.png exists, skipping
ä¼ æ’­å­¦å°ç»„å±•ç¤ºPPT_07.jpg exists, skipping
Meso.png exists, skipping
Screen_Shot_2022-02-17_at_14.05.44.png exists, skipping
Screen_Shot_2022-02-15_at_04.18.08.png exists, skipping
Screen_Shot_2022-02-01_at_11.03.56.png exists, skipping
Screen_Shot_2022-02-15_at_04.37.07.png exists, skipping
Screen_Shot_2022-02-01_at_11.02.45.png exists, skipping
Screen_Shot_2022-02-11_at_05.54.42.png exists, skipping
Screen_Shot_2022-02-01_at_10.57.31.png exists, skipping
Kubernetes_Structure.svg exists, skipping
Screen_Shot_2022-02-01_at_11.00.45.png exists, skipping
Screen_Shot_2022-02-01_at_10.01.47.png exists, skipping
Categorical-exploration-17.svg exists, skipping
Screen_Shot_2022-02-01_at_10.57.00.png exists, skipping
å›¾ç‰‡1.png exists, skipping
Screen_Shot_2022-02-18_at_14.27.19.png exists, skipping
Pasar_Rakyat_DSM.png exists, skipping
376764567525335.png exists, skipping
Screen_Shot_2022-02-01_at_10.26.32.png exists, skipping
Screen_Shot_2022-01-31_at_14.48.45.png exists, skipping
Screen_Shot_2022-02-01_at_17.06.32.png exists, skipping
Screen_Shot_2022-02-12_at_20.21.02.png exists, skipping
Figure_2_6_Distribution_Center.png exists, skipping
Screen_Shot_2022-02-11_at_17.54.53.png exists, skipping
Kali-overview.png exists, skipping
Screen_Shot_2022-02-23_at_15.16.30.png exists, skipping
Screen_Shot_2022-02-11_at_15.25.35.png exists, skipping
Wordpress_elementor_link.png exists, skipping
Screen_Shot_2022-02-09_at_19.49.22.png exists, skipping
Resources.png exists, skipping
NPP.pdf exists, skipping
æµè¡Œç—…å­¦.svg exists, skipping
Function.jpg exists, skipping
Screen_Shot_2022-02-18_at_03.38.32.png exists, skipping
Screen_Shot_2022-02-15_at_17.52.50.png exists, skipping
å›¾ç‰‡23465.jpg exists, skipping
Screen_Shot_2022-02-01_at_10.27.57.png exists, skipping
Screen_Shot_2022-02-01_at_10.24.20.png exists, skipping
Quantum_mechanics.png exists, skipping
Wordpress_elementor_grid.png exists, skipping
Screen_Shot_2022-02-15_at_05.59.12.png exists, skipping
Screen_Shot_2022-02-01_at_10.26.01.png exists, skipping

Found: 1072
Skipped: 1072
Previewing docker command: rm -rf /mnt/backup_restore/mediawiki/pkc-pub-20220327T092242-image
Previewing docker command: php /var/www/html/maintenance/update.php --quick
MediaWiki 1.35.2 Updater

Your composer.lock file is up to date with current dependencies!
Going to run database updates for my_wiki
Depending on the size of your database this may take a while!
...have ipb_id field in ipblocks table.
...have ipb_expiry field in ipblocks table.
...already have interwiki table
...indexes seem up to 20031107 standards.
...have rc_type field in recentchanges table.
...index new_name_timestamp already set on recentchanges table.
...have user_real_name field in user table.
...querycache table already exists.
...objectcache table already exists.
...categorylinks table already exists.
...have pagelinks; skipping old links table updates
...il_from OK
...have rc_ip field in recentchanges table.
...index PRIMARY already set on image table.
...have rc_id field in recentchanges table.
...have rc_patrolled field in recentchanges table.
...logging table already exists.
...have user_token field in user table.
...have wl_notificationtimestamp field in watchlist table.
...watchlist talk page rows already present.
...user table does not contain user_emailauthenticationtimestamp field.
...page table already exists.
...have log_params field in logging table.
...logging table has correct log_title encoding.
...have ar_rev_id field in archive table.
...have page_len field in page table.
...revision table does not contain inverse_timestamp field.
...have rev_deleted field in revision table.
...have img_width field in image table.
...have img_metadata field in image table.
...have user_email_token field in user table.
...page_namespace is already a full int (int(11)).
...ar_namespace is already a full int (int(11)).
...rc_namespace is already a full int (int(11)).
...wl_namespace is already a full int (int(11)).
...qc_namespace is already a full int (int(11)).
...log_namespace is already a full int (int(11)).
...have img_media_type field in image table.
...already have pagelinks table.
...image table does not contain img_type field.
...already have unique user_name index.
...user_groups table exists and is in current format.
...have ss_total_pages field in site_stats table.
...user_newtalk table already exists.
...have iw_trans field in interwiki table.
...wl_notificationtimestamp is already nullable.
...index times already set on logging table.
...have ipb_range_start field in ipblocks table.
...no page_random rows needed to be set
...have user_registration field in user table.
...templatelinks table already exists
...externallinks table already exists.
...job table already exists.
...have ss_images field in site_stats table.
...langlinks table already exists.
...querycache_info table already exists.
...filearchive table already exists.
...have ipb_anon_only field in ipblocks table.
...have user_newpass_time field in user table.
...redirect table already exists.
...querycachetwo table already exists.
...have ipb_enable_autoblock field in ipblocks table.
...index pl_namespace on table pagelinks includes field pl_from.
...index tl_namespace on table templatelinks includes field tl_from.
...index il_to on table imagelinks includes field il_from.
...have rc_old_len field in recentchanges table.
...have user_editcount field in user table.
...page_restrictions table already exists.
...have log_id field in logging table.
...have rev_parent_id field in revision table.
...have pr_id field in page_restrictions table.
...have rev_len field in revision table.
...have rc_deleted field in recentchanges table.
...have log_deleted field in logging table.
...have ar_deleted field in archive table.
...have ipb_deleted field in ipblocks table.
...have fa_deleted field in filearchive table.
...have ar_len field in archive table.
...have ipb_block_email field in ipblocks table.
...index cl_sortkey on table categorylinks includes field cl_from.
...have oi_metadata field in oldimage table.
...have ar_page_id field in archive table.
...have img_sha1 field in image table.
...protected_titles table already exists.
...page_props table already exists.
...updatelog table already exists.
...category table already exists.
...category table already populated.
...have ar_parent_id field in archive table.
...have user_last_timestamp field in user_newtalk table.
...protected_titles table has correct pt_title encoding.
...have ss_active_users field in site_stats table.
...ss_active_users user count set...
...have ipb_allow_usertalk field in ipblocks table.
...change_tag table already exists.
...user_properties table already exists.
...log_search table already exists.
...l10n_cache table already exists.
...ct_rc_id key doesn't exist.
...have rd_interwiki field in redirect table.
...*_mime_minor fields are already long enough.
...iwlinks table already exists.
...index iwl_prefix_title_from already set on iwlinks table.
...have ul_value field in updatelog table.
...have iw_api field in interwiki table.
...iwl_prefix key doesn't exist.
...have cl_collation field in categorylinks table.
...categorylinks up-to-date.
...module_deps table already exists.
...ar_page_revid key doesn't exist.
...skipping index ar_revid because index ar_revid_uniq already set on archive table.
...user_last_timestamp is already nullable.
...index user_email already set on user table.
...up_property in table user_properties already modified by patch patch-up_property.sql.
...uploadstash table already exists.
...user_former_groups table already exists.
...have rev_sha1 field in revision table.
...batch conversion of user_options: nothing to migrate. done.
...user table does not contain user_options field.
...have ar_sha1 field in archive table.
...index page_redirect_namespace_len already set on page table.
...have us_chunk_inx field in uploadstash table.
...have job_timestamp field in job table.
...have ipb_parent_block_id field in ipblocks table.
...index ipb_parent_block_id already set on ipblocks table.
...category table does not contain cat_hidden field.
...have page_content_model field in page table.
...site_stats table does not contain ss_admins field.
...recentchanges table does not contain rc_moved_to_title field.
...sites table already exists.
...have fa_sha1 field in filearchive table.
...have job_token field in job table.
...have job_attempts field in job table.
...have us_props field in uploadstash table.
...ug_group in table user_groups already modified by patch patch-ug_group-length-increase-255.sql.
...ufg_group in table user_former_groups already modified by patch patch-ufg_group-length-increase-255.sql.
...index pp_propname_page already set on page_props table.
...index img_media_mime already set on image table.
...iwl_prefix_title_from index is already non-UNIQUE.
...index iwl_prefix_from_title already set on iwlinks table.
...have ar_id field in archive table.
...have el_id field in externallinks table.
...have rc_source field in recentchanges table.
...have page_links_updated field in page table.
...have user_password_expires field in user table.
...have pp_sortkey field in page_props table.
...recentchanges table does not contain rc_cur_time field.
...index wl_user_notificationtimestamp already set on watchlist table.
...have page_lang field in page table.
...have pl_from_namespace field in pagelinks table.
...have tl_from_namespace field in templatelinks table.
...have il_from_namespace field in imagelinks table.
...img_major_mime in table image already modified by patch patch-img_major_mime-chemical.sql.
...oi_major_mime in table oldimage already modified by patch patch-oi_major_mime-chemical.sql.
...fa_major_mime in table filearchive already modified by patch patch-fa_major_mime-chemical.sql.
...comment fields are up to date.
...hitcounter doesn't exist.
...site_stats table does not contain ss_total_views field.
...page table does not contain page_counter field.
...msg_resource_links doesn't exist.
...msg_resource doesn't exist.
...bot_passwords table already exists.
...have wl_id field in watchlist table.
...cl_collation key doesn't exist.
...index cl_collation_ext already set on categorylinks table.
...collations up-to-date.
...index rc_name_type_patrolled_timestamp already set on recentchanges table.
...rev_page_id index already non-unique.
...pl_namespace, tl_namespace, il_to indices are already non-UNIQUE.
...have ct_id field in change_tag table.
...rc_ip in table recentchanges already modified by patch patch-rc_ip_modify.sql.
...have el_index_60 field in externallinks table.
...ug_user_group key doesn't exist.
...have ug_expiry field in user_groups table.
...img_media_type in table image already modified by patch patch-add-3d.sql.
...ip_changes table already exists.
...index PRIMARY already set on categorylinks table.
...index PRIMARY already set on templatelinks table.
...index PRIMARY already set on pagelinks table.
...index PRIMARY already set on text table.
...index PRIMARY already set on imagelinks table.
...index PRIMARY already set on iwlinks table.
...index PRIMARY already set on langlinks table.
...index PRIMARY already set on log_search table.
...index PRIMARY already set on module_deps table.
...index PRIMARY already set on objectcache table.
...index PRIMARY already set on querycache_info table.
...index PRIMARY already set on site_stats table.
...index PRIMARY already set on user_former_groups table.
...index PRIMARY already set on user_properties table.
...comment table already exists.
...revision_comment_temp table already exists.
...have ar_comment_id field in archive table.
...have fa_description_id field in filearchive table.
...img_description field does not exist in image table, skipping modify field patch.
...have ipb_reason_id field in ipblocks table.
...have log_comment_id field in logging table.
...have oi_description_id field in oldimage table.
...have pt_reason_id field in protected_titles table.
...have rc_comment_id field in recentchanges table.
...rev_comment field does not exist in revision table, skipping modify field patch.
...have img_description_id field in image table.
...index PRIMARY already set on l10n_cache table.
...bot_passwords.bp_user is already unsigned int.
...change_tag.ct_log_id is already unsigned int.
...change_tag.ct_rev_id is already unsigned int.
...page_restrictions.pr_user is already unsigned int.
...user_newtalk.user_id is already unsigned int.
...user_properties.up_user is already unsigned int.
...slots table already exists.
...have slot_origin field in slots table.
...content table already exists.
...slot_roles table already exists.
...content_models table already exists.
...actor table already exists.
...revision_actor_temp table already exists.
...have ar_actor field in archive table.
...have ipb_by_actor field in ipblocks table.
...have img_actor field in image table.
...have oi_actor field in oldimage table.
...have fa_actor field in filearchive table.
...have rc_actor field in recentchanges table.
...have log_actor field in logging table.
...rev_text_id field does not exist in revision table, skipping modify field patch.
...table site_stats already modified by patch patch-site_stats-modify.sql.
...index rc_namespace_title_timestamp already set on recentchanges table.
...change_tag_def table already exists.
...el_index_60 in table externallinks already modified by patch patch-externallinks-el_index_60-drop-default.sql.
Running maintenance/deduplicateArchiveRevId.php...
...Update 'DeduplicateArchiveRevId' already logged as completed. Use --force to run it again.
done.
...have ct_tag_id field in change_tag table.
...index ar_revid_uniq already set on archive table.
...index log_type_action already set on logging table.
...type_action key doesn't exist.
...index PRIMARY already set on interwiki table.
...index PRIMARY already set on page_props table.
...index PRIMARY already set on protected_titles table.
...index PRIMARY already set on site_identifiers table.
...index rc_this_oldid already set on recentchanges table.
...transcache doesn't exist.
Running maintenance/populateChangeTagDef.php...
...Update 'PopulateChangeTagDef' already logged as completed. Use --force to run it again.
done.
...index change_tag_rc_tag_id already set on change_tag table.
...have ipb_sitewide field in ipblocks table.
...ipblocks_restrictions table already exists.
...change_tag table does not contain ct_tag field.
...valid_tag doesn't exist.
...tag_summary doesn't exist.
...archive table does not contain ar_comment field.
...ipblocks table does not contain ipb_reason field.
...image table does not contain img_description field.
...oldimage table does not contain oi_description field.
...filearchive table does not contain fa_description field.
...recentchanges table does not contain rc_comment field.
...logging table does not contain log_comment field.
...protected_titles table does not contain pt_reason field.
...table job already modified by patch patch-job-params-mediumblob.sql.
...ar_usertext_timestamp key doesn't exist.
...usertext_timestamp key doesn't exist.
...archive table does not contain ar_user field.
...ipblocks table does not contain ip_by field.
...img_user_timestamp key doesn't exist.
...image table does not contain img_user field.
...oldimage table does not contain oi_user field.
...filearchive table does not contain fa_user field.
...recentchanges table does not contain rc_user field.
...logging table does not contain log_user field.
...index un_user_ip already set on user_newtalk table.
...watchlist_expiry table already exists.
...page_restrictions in table page already modified by patch patch-page_restrictions-null.sql.
...index ipb_address_unique already set on ipblocks table.
...have rev_actor field in revision table.
...archive table does not contain ar_text_id field.
...lc_lang is up-to-date.
...ll_lang is up-to-date.
...site_language is up-to-date.
...index ipb_address_unique on table ipblocks has no field ipb_anon_only; added.
...ipb_address_unique index up-to-date.
...actor_name in table actor already modified by patch patch-actor-actor_name-varbinary.sql.
...site_global_key in table sites already modified by patch patch-sites-site_global_key.sql.
...iwl_prefix in table iwlinks already modified by patch patch-extend-iwlinks-iwl_prefix.sql.
...mathoid table already exists.
...have math_png field in mathoid table.
...geo_tags table already exists.
...coordinates are already DECIMAL in geo_tags.
...cargo_tables table already exists.
...cargo_pages table already exists.
...have field_helper_tables field in cargo_tables table.
...cargo_tables_template_id key doesn't exist.
...oathauth_users table already exists.
...oathauth_users table does not contain secret_reset field.
...have module field in oathauth_users table.
...oathauth_users table does not contain secret field.

=== Semantic MediaWiki ====================================================

Semantic MediaWiki:                                                   3.2.3
MediaWiki:                                                           1.35.2

--- Database setup --------------------------------------------------------

Storage engine:                                                SMWSQLStore3
Database (type/version):    mysql (10.5.9-MariaDB-1:10.5.9+maria~focal-log)

Checking version requirement ...
   ... done.

------------------------------------------------------ Core table(s) ------

Checking table smw_object_ids ...
   Table already exists, checking structure ...
   ... field smw_id is fine.
   ... field smw_namespace is fine.
   ... field smw_title is fine.
   ... field smw_iw is fine.
   ... field smw_subobject is fine.
   ... field smw_sortkey is fine.
   ... field smw_sort is fine.
   ... field smw_proptable_hash is fine.
   ... field smw_hash is fine.
   ... field smw_rev is fine.
   ... field smw_touched is fine.
   ... done.
Checking index structures for table smw_object_ids ...
   ... index smw_id is fine.
   ... index smw_id,smw_sortkey is fine.
   ... index smw_hash,smw_id is fine.
   ... index smw_iw is fine.
   ... index smw_iw,smw_id is fine.
   ... index smw_title,smw_namespace,smw_iw,smw_subobject is fine.
   ... index smw_sortkey is fine.
   ... index smw_sort,smw_id is fine.
   ... index smw_namespace,smw_sortkey is fine.
   ... index smw_rev,smw_id is fine.
   ... index smw_touched,smw_id is fine.
   ... done.
Checking table smw_object_aux ...
   Table already exists, checking structure ...
   ... field smw_id is fine.
   ... field smw_seqmap is fine.
   ... field smw_countmap is fine.
   ... done.
Checking index structures for table smw_object_aux ...
   ... index smw_id is fine.
   ... done.
Checking table smw_concept_cache ...
   Table already exists, checking structure ...
   ... field s_id is fine.
   ... field o_id is fine.
   ... done.
Checking index structures for table smw_concept_cache ...
   ... index o_id is fine.
   ... done.
Checking table smw_query_links ...
   Table already exists, checking structure ...
   ... field s_id is fine.
   ... field o_id is fine.
   ... done.
Checking index structures for table smw_query_links ...
   ... index s_id is fine.
   ... index o_id is fine.
   ... index s_id,o_id is fine.
   ... done.
Checking table smw_prop_stats ...
   Table already exists, checking structure ...
   ... field p_id is fine.
   ... field usage_count is fine.
   ... field null_count is fine.
   ... done.
Checking index structures for table smw_prop_stats ...
   ... index p_id is fine.
   ... index usage_count is fine.
   ... index null_count is fine.
   ... done.
Checking table smw_di_number ...
   Table already exists, checking structure ...
   ... field s_id is fine.
   ... field p_id is fine.
   ... field o_serialized is fine.
   ... field o_sortkey is fine.
   ... done.
Checking index structures for table smw_di_number ...
   ... index s_id,p_id is fine.
   ... index o_sortkey is fine.
   ... index p_id,o_serialized is fine.
   ... index p_id,o_sortkey is fine.
   ... index s_id,p_id,o_sortkey is fine.
   ... done.
Checking table smw_di_blob ...
   Table already exists, checking structure ...
   ... field s_id is fine.
   ... field p_id is fine.
   ... field o_blob is fine.
   ... field o_hash is fine.
   ... done.
Checking index structures for table smw_di_blob ...
   ... index s_id,p_id is fine.
   ... index o_hash is fine.
   ... index s_id,o_hash is fine.
   ... index p_id,o_hash is fine.
   ... done.
Checking table smw_di_bool ...
   Table already exists, checking structure ...
   ... field s_id is fine.
   ... field p_id is fine.
   ... field o_value is fine.
   ... done.
Checking index structures for table smw_di_bool ...
   ... index s_id,p_id is fine.
   ... index o_value is fine.
   ... done.
Checking table smw_di_uri ...
   Table already exists, checking structure ...
   ... field s_id is fine.
   ... field p_id is fine.
   ... field o_blob is fine.
   ... field o_serialized is fine.
   ... done.
Checking index structures for table smw_di_uri ...
   ... index s_id,p_id is fine.
   ... index o_serialized is fine.
   ... index p_id,o_serialized is fine.
   ... done.
Checking table smw_di_time ...
   Table already exists, checking structure ...
   ... field s_id is fine.
   ... field p_id is fine.
   ... field o_serialized is fine.
   ... field o_sortkey is fine.
   ... done.
Checking index structures for table smw_di_time ...
   ... index s_id,p_id is fine.
   ... index o_sortkey is fine.
   ... index p_id,o_serialized is fine.
   ... index p_id,o_sortkey is fine.
   ... index s_id,p_id,o_sortkey,o_serialized is fine.
   ... done.
Checking table smw_di_coords ...
   Table already exists, checking structure ...
   ... field s_id is fine.
   ... field p_id is fine.
   ... field o_serialized is fine.
   ... field o_lat is fine.
   ... field o_lon is fine.
   ... done.
Checking index structures for table smw_di_coords ...
   ... index s_id,p_id is fine.
   ... index o_serialized is fine.
   ... index p_id,o_serialized is fine.
   ... index o_lat,o_lon is fine.
   ... done.
Checking table smw_di_wikipage ...
   Table already exists, checking structure ...
   ... field s_id is fine.
   ... field p_id is fine.
   ... field o_id is fine.
   ... done.
Checking index structures for table smw_di_wikipage ...
   ... index s_id,p_id is fine.
   ... index o_id is fine.
   ... index p_id,s_id is fine.
   ... index s_id,o_id is fine.
   ... index s_id,p_id,o_id is fine.
   ... index o_id,s_id is fine.
   ... index o_id,p_id is fine.
   ... done.
Checking table smw_fpt_type ...
   Table already exists, checking structure ...
   ... field s_id is fine.
   ... field o_blob is fine.
   ... field o_serialized is fine.
   ... done.
Checking index structures for table smw_fpt_type ...
   ... index s_id is fine.
   ... index o_serialized is fine.
   ... done.
Checking table smw_fpt_uri ...
   Table already exists, checking structure ...
   ... field s_id is fine.
   ... field o_blob is fine.
   ... field o_serialized is fine.
   ... done.
Checking index structures for table smw_fpt_uri ...
   ... index s_id is fine.
   ... index o_serialized is fine.
   ... done.
Checking table smw_fpt_inst ...
   Table already exists, checking structure ...
   ... field s_id is fine.
   ... field o_id is fine.
   ... done.
Checking index structures for table smw_fpt_inst ...
   ... index s_id is fine.
   ... index o_id is fine.
   ... index s_id,o_id is fine.
   ... index o_id,s_id is fine.
   ... done.
Checking table smw_fpt_unit ...
   Table already exists, checking structure ...
   ... field s_id is fine.
   ... field o_blob is fine.
   ... field o_hash is fine.
   ... done.
Checking index structures for table smw_fpt_unit ...
   ... index s_id is fine.
   ... index o_hash is fine.
   ... index s_id,o_hash is fine.
   ... done.
Checking table smw_fpt_impo ...
   Table already exists, checking structure ...
   ... field s_id is fine.
   ... field o_blob is fine.
   ... field o_hash is fine.
   ... done.
Checking index structures for table smw_fpt_impo ...
   ... index s_id is fine.
   ... index o_hash is fine.
   ... index s_id,o_hash is fine.
   ... done.
Checking table smw_fpt_pplb ...
   Table already exists, checking structure ...
   ... field s_id is fine.
   ... field o_id is fine.
   ... done.
Checking index structures for table smw_fpt_pplb ...
   ... index s_id is fine.
   ... index o_id is fine.
   ... index s_id,o_id is fine.
   ... index o_id,s_id is fine.
   ... done.
Checking table smw_fpt_prec ...
   Table already exists, checking structure ...
   ... field s_id is fine.
   ... field o_serialized is fine.
   ... field o_sortkey is fine.
   ... done.
Checking index structures for table smw_fpt_prec ...
   ... index s_id is fine.
   ... index o_sortkey is fine.
   ... done.
Checking table smw_fpt_conv ...
   Table already exists, checking structure ...
   ... field s_id is fine.
   ... field o_blob is fine.
   ... field o_hash is fine.
   ... done.
Checking index structures for table smw_fpt_conv ...
   ... index s_id is fine.
   ... index o_hash is fine.
   ... index s_id,o_hash is fine.
   ... done.
Checking table smw_fpt_serv ...
   Table already exists, checking structure ...
   ... field s_id is fine.
   ... field o_blob is fine.
   ... field o_hash is fine.
   ... done.
Checking index structures for table smw_fpt_serv ...
   ... index s_id is fine.
   ... index o_hash is fine.
   ... index s_id,o_hash is fine.
   ... done.
Checking table smw_fpt_pval ...
   Table already exists, checking structure ...
   ... field s_id is fine.
   ... field o_blob is fine.
   ... field o_hash is fine.
   ... done.
Checking index structures for table smw_fpt_pval ...
   ... index s_id is fine.
   ... index o_hash is fine.
   ... index s_id,o_hash is fine.
   ... done.
Checking table smw_fpt_redi ...
   Table already exists, checking structure ...
   ... field s_title is fine.
   ... field s_namespace is fine.
   ... field o_id is fine.
   ... done.
Checking index structures for table smw_fpt_redi ...
   ... index s_title,s_namespace,o_id is fine.
   ... index o_id is fine.
   ... done.
Checking table smw_fpt_dtitle ...
   Table already exists, checking structure ...
   ... field s_id is fine.
   ... field o_blob is fine.
   ... field o_hash is fine.
   ... done.
Checking index structures for table smw_fpt_dtitle ...
   ... index s_id is fine.
   ... index o_hash is fine.
   ... index s_id,o_hash is fine.
   ... done.
Checking table smw_fpt_subp ...
   Table already exists, checking structure ...
   ... field s_id is fine.
   ... field o_id is fine.
   ... done.
Checking index structures for table smw_fpt_subp ...
   ... index s_id is fine.
   ... index o_id is fine.
   ... index s_id,o_id is fine.
   ... index o_id,s_id is fine.
   ... done.
Checking table smw_fpt_subc ...
   Table already exists, checking structure ...
   ... field s_id is fine.
   ... field o_id is fine.
   ... done.
Checking index structures for table smw_fpt_subc ...
   ... index s_id is fine.
   ... index o_id is fine.
   ... index s_id,o_id is fine.
   ... index o_id,s_id is fine.
   ... done.
Checking table smw_fpt_conc ...
   Table already exists, checking structure ...
   ... field s_id is fine.
   ... field concept_txt is fine.
   ... field concept_docu is fine.
   ... field concept_features is fine.
   ... field concept_size is fine.
   ... field concept_depth is fine.
   ... field cache_date is fine.
   ... field cache_count is fine.
   ... done.
Checking index structures for table smw_fpt_conc ...
   ... index s_id is fine.
   ... done.
Checking table smw_fpt_list ...
   Table already exists, checking structure ...
   ... field s_id is fine.
   ... field o_blob is fine.
   ... field o_hash is fine.
   ... done.
Checking index structures for table smw_fpt_list ...
   ... index s_id is fine.
   ... index o_hash is fine.
   ... index s_id,o_hash is fine.
   ... done.
Checking table smw_fpt_ask ...
   Table already exists, checking structure ...
   ... field s_id is fine.
   ... field o_id is fine.
   ... done.
Checking index structures for table smw_fpt_ask ...
   ... index s_id is fine.
   ... index o_id is fine.
   ... index s_id,o_id is fine.
   ... index o_id,s_id is fine.
   ... done.
Checking table smw_fpt_askst ...
   Table already exists, checking structure ...
   ... field s_id is fine.
   ... field o_blob is fine.
   ... field o_hash is fine.
   ... done.
Checking index structures for table smw_fpt_askst ...
   ... index s_id is fine.
   ... index o_hash is fine.
   ... index s_id,o_hash is fine.
   ... done.
Checking table smw_fpt_askfo ...
   Table already exists, checking structure ...
   ... field s_id is fine.
   ... field o_blob is fine.
   ... field o_hash is fine.
   ... done.
Checking index structures for table smw_fpt_askfo ...
   ... index s_id is fine.
   ... index o_hash is fine.
   ... index s_id,o_hash is fine.
   ... done.
Checking table smw_fpt_asksi ...
   Table already exists, checking structure ...
   ... field s_id is fine.
   ... field o_serialized is fine.
   ... field o_sortkey is fine.
   ... done.
Checking index structures for table smw_fpt_asksi ...
   ... index s_id is fine.
   ... index o_sortkey is fine.
   ... done.
Checking table smw_fpt_askde ...
   Table already exists, checking structure ...
   ... field s_id is fine.
   ... field o_serialized is fine.
   ... field o_sortkey is fine.
   ... done.
Checking index structures for table smw_fpt_askde ...
   ... index s_id is fine.
   ... index o_sortkey is fine.
   ... done.
Checking table smw_fpt_askpa ...
   Table already exists, checking structure ...
   ... field s_id is fine.
   ... field o_blob is fine.
   ... field o_hash is fine.
   ... done.
Checking index structures for table smw_fpt_askpa ...
   ... index s_id is fine.
   ... index o_hash is fine.
   ... index s_id,o_hash is fine.
   ... done.
Checking table smw_fpt_lcode ...
   Table already exists, checking structure ...
   ... field s_id is fine.
   ... field o_blob is fine.
   ... field o_hash is fine.
   ... done.
Checking index structures for table smw_fpt_lcode ...
   ... index s_id is fine.
   ... index o_hash is fine.
   ... index s_id,o_hash is fine.
   ... done.
Checking table smw_fpt_text ...
   Table already exists, checking structure ...
   ... field s_id is fine.
   ... field o_blob is fine.
   ... field o_hash is fine.
   ... done.
Checking index structures for table smw_fpt_text ...
   ... index s_id is fine.
   ... index o_hash is fine.
   ... index s_id,o_hash is fine.
   ... done.
Checking table smw_fpt_sobj ...
   Table already exists, checking structure ...
   ... field s_id is fine.
   ... field o_id is fine.
   ... done.
Checking index structures for table smw_fpt_sobj ...
   ... index s_id is fine.
   ... index o_id is fine.
   ... index s_id,o_id is fine.
   ... index o_id,s_id is fine.
   ... done.
Checking table smw_fpt_askdu ...
   Table already exists, checking structure ...
   ... field s_id is fine.
   ... field o_serialized is fine.
   ... field o_sortkey is fine.
   ... done.
Checking index structures for table smw_fpt_askdu ...
   ... index s_id is fine.
   ... index o_sortkey is fine.
   ... done.
Checking table smw_fpt_mdat ...
   Table already exists, checking structure ...
   ... field s_id is fine.
   ... field o_serialized is fine.
   ... field o_sortkey is fine.
   ... done.
Checking index structures for table smw_fpt_mdat ...
   ... index s_id is fine.
   ... index o_sortkey is fine.
   ... done.

--- Post-creation examination ---------------------------------------------

Checking selected fixed properties IDs ...
   ... done.
Checking internal properties border ...
   ... space for internal properties allocated ...                        âœ“
   ... done.
Checking predefined properties ...
   ... initialize predefined properties ...
   ... done.
Checking smw_hash field consistency ...
   ... updating the setup file key ...                                    âœ“
   ... done.
Checking smw_sortkey, smw_sort fields ...
   ... done.
Checking smw_touched field ...
   ... done.
Checking smw_countmap field consistency ...                               âœ“
   ... done.
Checking entity collation type ...                                        âœ“
   ... done.

--- Table optimization ----------------------------------------------------

The optimization task can take a moment to complete and depending on the
database backend, tables can be locked during the operation.

------------------------------------------------------ Core table(s) ------

Checking table ...
   ... smw_object_ids ...                               [ANALYZE, OPTIMIZE]
   ... smw_object_aux ...                               [ANALYZE, OPTIMIZE]
   ... smw_concept_cache ...                            [ANALYZE, OPTIMIZE]
   ... smw_query_links ...                              [ANALYZE, OPTIMIZE]
   ... smw_prop_stats ...                               [ANALYZE, OPTIMIZE]
   ... smw_di_number ...                                [ANALYZE, OPTIMIZE]
   ... smw_di_blob ...                                  [ANALYZE, OPTIMIZE]
   ... smw_di_bool ...                                  [ANALYZE, OPTIMIZE]
   ... smw_di_uri ...                                   [ANALYZE, OPTIMIZE]
   ... smw_di_time ...                                  [ANALYZE, OPTIMIZE]
   ... smw_di_coords ...                                [ANALYZE, OPTIMIZE]
   ... smw_di_wikipage ...                              [ANALYZE, OPTIMIZE]
   ... smw_fpt_type ...                                 [ANALYZE, OPTIMIZE]
   ... smw_fpt_uri ...                                  [ANALYZE, OPTIMIZE]
   ... smw_fpt_inst ...                                 [ANALYZE, OPTIMIZE]
   ... smw_fpt_unit ...                                 [ANALYZE, OPTIMIZE]
   ... smw_fpt_impo ...                                 [ANALYZE, OPTIMIZE]
   ... smw_fpt_pplb ...                                 [ANALYZE, OPTIMIZE]
   ... smw_fpt_prec ...                                 [ANALYZE, OPTIMIZE]
   ... smw_fpt_conv ...                                 [ANALYZE, OPTIMIZE]
   ... smw_fpt_serv ...                                 [ANALYZE, OPTIMIZE]
   ... smw_fpt_pval ...                                 [ANALYZE, OPTIMIZE]
   ... smw_fpt_redi ...                                 [ANALYZE, OPTIMIZE]
   ... smw_fpt_dtitle ...                               [ANALYZE, OPTIMIZE]
   ... smw_fpt_subp ...                                 [ANALYZE, OPTIMIZE]
   ... smw_fpt_subc ...                                 [ANALYZE, OPTIMIZE]
   ... smw_fpt_conc ...                                 [ANALYZE, OPTIMIZE]
   ... smw_fpt_list ...                                 [ANALYZE, OPTIMIZE]
   ... smw_fpt_ask ...                                  [ANALYZE, OPTIMIZE]
   ... smw_fpt_askst ...                                [ANALYZE, OPTIMIZE]
   ... smw_fpt_askfo ...                                [ANALYZE, OPTIMIZE]
   ... smw_fpt_asksi ...                                [ANALYZE, OPTIMIZE]
   ... smw_fpt_askde ...                                [ANALYZE, OPTIMIZE]
   ... smw_fpt_askpa ...                                [ANALYZE, OPTIMIZE]
   ... smw_fpt_lcode ...                                [ANALYZE, OPTIMIZE]
   ... smw_fpt_text ...                                 [ANALYZE, OPTIMIZE]
   ... smw_fpt_sobj ...                                 [ANALYZE, OPTIMIZE]
   ... smw_fpt_askdu ...                                [ANALYZE, OPTIMIZE]
   ... smw_fpt_mdat ...                                 [ANALYZE, OPTIMIZE]
   ... done.

--- Supplement jobs -------------------------------------------------------

Adding jobs ...
   ... Property statistics rebuild job ...                                âœ“
   ... Entity disposer job ...                                            âœ“
   ... done.

--- AfterCreateTablesComplete (Hook) --------------------------------------

Task(s) registered via the hook depend on the functionality implemented and
may take a moment to complete.

-------------------------------------------------------- Import task(s) ---

Importing from smw.groups.json ...
   ... smw/schema:Group:Schema properties ...              [EXISTS,REPLACE]
   ... smw/schema:Group:Predefined properties ...          [EXISTS,REPLACE]
   ... done.

Importing from smw.vocab.json ...
   ... MediaWiki:Smw import skos ...                          [EXISTS,SKIP]
   ... MediaWiki:Smw import foaf ...                          [EXISTS,SKIP]
   ... MediaWiki:Smw import owl ...                           [EXISTS,SKIP]
   ... Property:Foaf:knows ...                                [EXISTS,SKIP]
   ... Property:Foaf:name ...                                 [EXISTS,SKIP]
   ... Property:Foaf:homepage ...                             [EXISTS,SKIP]
   ... Property:Owl:differentFrom ...                         [EXISTS,SKIP]
   ... done.

--- Summary ---------------------------------------------------------------

- Create (or checking) table(s) .................................. 0.10 sec
- Post-creation examination ...................................... 0.07 sec
- Table optimization ............................................. 1.62 sec
- Supplement jobs ................................................ 0.02 sec
- AfterCreateTablesComplete (Hook) ............................... 0.75 sec

===========================================================================

...site_stats is populated...done.
...Update 'populate rev_len and ar_len' already logged as completed. Use --force to run it again.
...Update 'populate rev_sha1' already logged as completed. Use --force to run it again.
...img_sha1 column of image table already populated.
...protocol-relative URLs in externallinks table already fixed.
...fa_sha1 column of filearchive table already populated.
...*_from_namespace column of backlink tables already populated.
...Update 'FixDefaultJsonContentPages' already logged as completed. Use --force to run it again.
...Update 'cleanup empty categories' already logged as completed. Use --force to run it again.
...RFC and PMID already added to interwiki database table.
...Update 'populate pp_sortkey' already logged as completed. Use --force to run it again.
...Update 'populate ip_changes' already logged as completed. Use --force to run it again.
...externallinks table indexes up to date
Set the local repo temp zone container to be private.
Purging caches...done.

Done in 3.4 s.
Restarting Docker Service

##############################################################
Restore Process Resume
1. MySQL Dump file: pkc-pub-my_wiki-20220327T092242.sql.gz is restored
2. Image Media file: pkc-pub-20220327T092242-image.tar.gz is restored
##############################################################
